[0.051s] Invoking command in '/home/devam/bumperbot_ws/build/bumperbot_description': CMAKE_PREFIX_PATH=${CMAKE_PREFIX_PATH}:/home/devam/bumperbot_ws/install/bumperbot_py_examples:/opt/ros/humble /usr/bin/cmake /home/devam/bumperbot_ws/src/bumperbot_description -DAMENT_CMAKE_SYMLINK_INSTALL=1 -DCMAKE_INSTALL_PREFIX=/home/devam/bumperbot_ws/install/bumperbot_description
[0.067s] -- Found ament_cmake: 1.3.11 (/opt/ros/humble/share/ament_cmake/cmake)
[0.141s] -- Override CMake install command with custom implementation using symlinks instead of copying resources
[0.144s] -- Found ament_lint_auto: 0.12.11 (/opt/ros/humble/share/ament_lint_auto/cmake)
[0.183s] -- Added test 'flake8' to check Python code syntax and style conventions
[0.183s] -- Added test 'lint_cmake' to check CMake code style
[0.183s] -- Added test 'pep257' to check Python code against some of the docstring style conventions in PEP 257
[0.184s] -- Added test 'xmllint' to check XML markup files
[0.184s] -- Configuring done
[0.185s] -- Generating done
[0.186s] -- Build files have been written to: /home/devam/bumperbot_ws/build/bumperbot_description
[0.262s] Invoked command in '/home/devam/bumperbot_ws/build/bumperbot_description' returned '0': CMAKE_PREFIX_PATH=${CMAKE_PREFIX_PATH}:/home/devam/bumperbot_ws/install/bumperbot_py_examples:/opt/ros/humble /usr/bin/cmake /home/devam/bumperbot_ws/src/bumperbot_description -DAMENT_CMAKE_SYMLINK_INSTALL=1 -DCMAKE_INSTALL_PREFIX=/home/devam/bumperbot_ws/install/bumperbot_description
[0.262s] Invoking command in '/home/devam/bumperbot_ws/build/bumperbot_description': CMAKE_PREFIX_PATH=${CMAKE_PREFIX_PATH}:/home/devam/bumperbot_ws/install/bumperbot_py_examples:/opt/ros/humble /usr/bin/cmake --build /home/devam/bumperbot_ws/build/bumperbot_description -- -j24 -l24
[0.285s] Invoked command in '/home/devam/bumperbot_ws/build/bumperbot_description' returned '0': CMAKE_PREFIX_PATH=${CMAKE_PREFIX_PATH}:/home/devam/bumperbot_ws/install/bumperbot_py_examples:/opt/ros/humble /usr/bin/cmake --build /home/devam/bumperbot_ws/build/bumperbot_description -- -j24 -l24
[0.290s] Invoking command in '/home/devam/bumperbot_ws/build/bumperbot_description': CMAKE_PREFIX_PATH=${CMAKE_PREFIX_PATH}:/home/devam/bumperbot_ws/install/bumperbot_py_examples:/opt/ros/humble /usr/bin/cmake --install /home/devam/bumperbot_ws/build/bumperbot_description
[0.296s] -- Install configuration: ""
[0.297s] -- Execute custom install script
[0.297s] -- Symlinking: /home/devam/bumperbot_ws/install/bumperbot_description/share/bumperbot_description/meshes/base_link.STL
[0.304s] -- Symlinking: /home/devam/bumperbot_ws/install/bumperbot_description/share/bumperbot_description/meshes/can.STL
[0.309s] -- Symlinking: /home/devam/bumperbot_ws/install/bumperbot_description/share/bumperbot_description/meshes/caster_front_link.STL
[0.316s] -- Symlinking: /home/devam/bumperbot_ws/install/bumperbot_description/share/bumperbot_description/meshes/caster_rear_link.STL
[0.320s] -- Symlinking: /home/devam/bumperbot_ws/install/bumperbot_description/share/bumperbot_description/meshes/imu_link.STL
[0.326s] -- Symlinking: /home/devam/bumperbot_ws/install/bumperbot_description/share/bumperbot_description/meshes/wheel_left_link.STL
[0.331s] -- Symlinking: /home/devam/bumperbot_ws/install/bumperbot_description/share/bumperbot_description/meshes/wheel_right_link.STL
[0.338s] -- Symlinking: /home/devam/bumperbot_ws/install/bumperbot_description/share/bumperbot_description/urdf/bumperbot.urdf.xacro
[0.345s] -- Symlinking: /home/devam/bumperbot_ws/install/bumperbot_description/share/bumperbot_description/launch/display.launch.py
[0.352s] -- Symlinking: /home/devam/bumperbot_ws/install/bumperbot_description/share/bumperbot_description/rviz/display.rviz
[0.357s] -- Symlinking: /home/devam/bumperbot_ws/install/bumperbot_description/share/ament_index/resource_index/package_run_dependencies/bumperbot_description
[0.362s] -- Symlinking: /home/devam/bumperbot_ws/install/bumperbot_description/share/ament_index/resource_index/parent_prefix_path/bumperbot_description
[0.369s] -- Symlinking: /home/devam/bumperbot_ws/install/bumperbot_description/share/bumperbot_description/environment/ament_prefix_path.sh
[0.374s] -- Symlinking: /home/devam/bumperbot_ws/install/bumperbot_description/share/bumperbot_description/environment/ament_prefix_path.dsv
[0.381s] -- Symlinking: /home/devam/bumperbot_ws/install/bumperbot_description/share/bumperbot_description/environment/path.sh
[0.386s] -- Symlinking: /home/devam/bumperbot_ws/install/bumperbot_description/share/bumperbot_description/environment/path.dsv
[0.392s] -- Symlinking: /home/devam/bumperbot_ws/install/bumperbot_description/share/bumperbot_description/local_setup.bash
[0.396s] -- Symlinking: /home/devam/bumperbot_ws/install/bumperbot_description/share/bumperbot_description/local_setup.sh
[0.404s] -- Symlinking: /home/devam/bumperbot_ws/install/bumperbot_description/share/bumperbot_description/local_setup.zsh
[0.410s] -- Symlinking: /home/devam/bumperbot_ws/install/bumperbot_description/share/bumperbot_description/local_setup.dsv
[0.417s] -- Symlinking: /home/devam/bumperbot_ws/install/bumperbot_description/share/bumperbot_description/package.dsv
[0.422s] -- Symlinking: /home/devam/bumperbot_ws/install/bumperbot_description/share/ament_index/resource_index/packages/bumperbot_description
[0.427s] -- Symlinking: /home/devam/bumperbot_ws/install/bumperbot_description/share/bumperbot_description/cmake/bumperbot_descriptionConfig.cmake
[0.432s] -- Symlinking: /home/devam/bumperbot_ws/install/bumperbot_description/share/bumperbot_description/cmake/bumperbot_descriptionConfig-version.cmake
[0.436s] -- Symlinking: /home/devam/bumperbot_ws/install/bumperbot_description/share/bumperbot_description/package.xml
[0.444s] Invoked command in '/home/devam/bumperbot_ws/build/bumperbot_description' returned '0': CMAKE_PREFIX_PATH=${CMAKE_PREFIX_PATH}:/home/devam/bumperbot_ws/install/bumperbot_py_examples:/opt/ros/humble /usr/bin/cmake --install /home/devam/bumperbot_ws/build/bumperbot_description
