[0.012s] Invoking command in '/home/devam/bumperbot_ws/build/bumperbot_controller': CMAKE_PREFIX_PATH=${CMAKE_PREFIX_PATH}:/home/devam/bumperbot_ws/install/bumperbot_py_examples:/opt/ros/humble /usr/bin/cmake --build /home/devam/bumperbot_ws/build/bumperbot_controller -- -j24 -l24
[0.027s] -- Found ament_cmake: 1.3.11 (/opt/ros/humble/share/ament_cmake/cmake)
[0.099s] -- Override CMake install command with custom implementation using symlinks instead of copying resources
[0.102s] -- Found rclpy: 3.3.15 (/opt/ros/humble/share/rclpy/cmake)
[0.102s] -- Found std_msgs: 4.2.4 (/opt/ros/humble/share/std_msgs/cmake)
[0.115s] -- Found rosidl_generator_c: 3.1.6 (/opt/ros/humble/share/rosidl_generator_c/cmake)
[0.116s] -- Found rosidl_adapter: 3.1.6 (/opt/ros/humble/share/rosidl_adapter/cmake)
[0.119s] -- Found rosidl_generator_cpp: 3.1.6 (/opt/ros/humble/share/rosidl_generator_cpp/cmake)
[0.123s] -- Using all available rosidl_typesupport_c: rosidl_typesupport_fastrtps_c;rosidl_typesupport_introspection_c
[0.129s] -- Using all available rosidl_typesupport_cpp: rosidl_typesupport_fastrtps_cpp;rosidl_typesupport_introspection_cpp
[0.140s] -- Found geometry_msgs: 4.2.4 (/opt/ros/humble/share/geometry_msgs/cmake)
[0.145s] -- Found rclcpp: 16.0.11 (/opt/ros/humble/share/rclcpp/cmake)
[0.157s] -- Found rmw_implementation_cmake: 6.1.2 (/opt/ros/humble/share/rmw_implementation_cmake/cmake)
[0.158s] -- Found rmw_fastrtps_cpp: 6.2.7 (/opt/ros/humble/share/rmw_fastrtps_cpp/cmake)
[0.221s] -- Using RMW implementation 'rmw_fastrtps_cpp' as default
[0.274s] -- Found ament_lint_auto: 0.12.11 (/opt/ros/humble/share/ament_lint_auto/cmake)
[0.318s] -- Added test 'cppcheck' to perform static code analysis on C / C++ code
[0.318s] -- Configured cppcheck include dirs: /home/devam/bumperbot_ws/src/bumperbot_controller/include
[0.318s] -- Configured cppcheck exclude dirs and/or files: 
[0.318s] -- Added test 'flake8' to check Python code syntax and style conventions
[0.318s] -- Added test 'lint_cmake' to check CMake code style
[0.318s] -- Added test 'pep257' to check Python code against some of the docstring style conventions in PEP 257
[0.319s] -- Added test 'uncrustify' to check C / C++ code style
[0.319s] -- Configured uncrustify additional arguments: 
[0.319s] -- Added test 'xmllint' to check XML markup files
[0.319s] -- Configuring done
[0.327s] -- Generating done
[0.328s] -- Build files have been written to: /home/devam/bumperbot_ws/build/bumperbot_controller
[0.354s] [ 50%] [32mBuilding CXX object CMakeFiles/simple_controller.dir/src/simple_controller.cpp.o[0m
[0.359s] [ 50%] Built target ament_cmake_python_symlink_bumperbot_controller
[0.550s] running egg_info
[0.558s] writing bumperbot_controller.egg-info/PKG-INFO
[0.559s] writing dependency_links to bumperbot_controller.egg-info/dependency_links.txt
[0.559s] writing top-level names to bumperbot_controller.egg-info/top_level.txt
[0.585s] reading manifest file 'bumperbot_controller.egg-info/SOURCES.txt'
[0.586s] writing manifest file 'bumperbot_controller.egg-info/SOURCES.txt'
[0.608s] [ 50%] Built target ament_cmake_python_build_bumperbot_controller_egg
[4.605s] [100%] [32m[1mLinking CXX executable simple_controller[0m
[4.836s] [100%] Built target simple_controller
[4.888s] Invoked command in '/home/devam/bumperbot_ws/build/bumperbot_controller' returned '0': CMAKE_PREFIX_PATH=${CMAKE_PREFIX_PATH}:/home/devam/bumperbot_ws/install/bumperbot_py_examples:/opt/ros/humble /usr/bin/cmake --build /home/devam/bumperbot_ws/build/bumperbot_controller -- -j24 -l24
[4.889s] Invoking command in '/home/devam/bumperbot_ws/build/bumperbot_controller': CMAKE_PREFIX_PATH=${CMAKE_PREFIX_PATH}:/home/devam/bumperbot_ws/install/bumperbot_py_examples:/opt/ros/humble /usr/bin/cmake --install /home/devam/bumperbot_ws/build/bumperbot_controller
[4.894s] -- Install configuration: ""
[4.894s] -- Execute custom install script
[4.894s] -- Up-to-date symlink: /home/devam/bumperbot_ws/install/bumperbot_controller/share/bumperbot_controller/environment/pythonpath.sh
[4.894s] -- Up-to-date symlink: /home/devam/bumperbot_ws/install/bumperbot_controller/share/bumperbot_controller/environment/pythonpath.dsv
[4.894s] -- Up-to-date symlink: /home/devam/bumperbot_ws/install/bumperbot_controller/local/lib/python3.10/dist-packages/bumperbot_controller-0.0.0-py3.10.egg-info/PKG-INFO
[4.894s] -- Up-to-date symlink: /home/devam/bumperbot_ws/install/bumperbot_controller/local/lib/python3.10/dist-packages/bumperbot_controller-0.0.0-py3.10.egg-info/SOURCES.txt
[4.894s] -- Up-to-date symlink: /home/devam/bumperbot_ws/install/bumperbot_controller/local/lib/python3.10/dist-packages/bumperbot_controller-0.0.0-py3.10.egg-info/dependency_links.txt
[4.894s] -- Up-to-date symlink: /home/devam/bumperbot_ws/install/bumperbot_controller/local/lib/python3.10/dist-packages/bumperbot_controller-0.0.0-py3.10.egg-info/top_level.txt
[4.894s] -- Up-to-date symlink: /home/devam/bumperbot_ws/install/bumperbot_controller/local/lib/python3.10/dist-packages/bumperbot_controller/__init__.py
[4.895s] -- Up-to-date symlink: /home/devam/bumperbot_ws/install/bumperbot_controller/local/lib/python3.10/dist-packages/bumperbot_controller/simple_controller.py
[4.895s] -- Symlinking: /home/devam/bumperbot_ws/install/bumperbot_controller/include/include/bumperbot_controller/simple_controller.hpp
[4.900s] -- Symlinking: /home/devam/bumperbot_ws/install/bumperbot_controller/lib/bumperbot_controller/simple_controller
[4.906s] -- Up-to-date symlink: /home/devam/bumperbot_ws/install/bumperbot_controller/share/bumperbot_controller/config/bumperbot_controllers.yaml
[4.906s] -- Up-to-date symlink: /home/devam/bumperbot_ws/install/bumperbot_controller/share/bumperbot_controller/launch/controller.launch.py
[4.906s] -- Up-to-date symlink: /home/devam/bumperbot_ws/install/bumperbot_controller/lib/bumperbot_controller/simple_controller.py
[4.906s] -- Up-to-date symlink: /home/devam/bumperbot_ws/install/bumperbot_controller/share/ament_index/resource_index/package_run_dependencies/bumperbot_controller
[4.906s] -- Up-to-date symlink: /home/devam/bumperbot_ws/install/bumperbot_controller/share/ament_index/resource_index/parent_prefix_path/bumperbot_controller
[4.906s] -- Up-to-date symlink: /home/devam/bumperbot_ws/install/bumperbot_controller/share/bumperbot_controller/environment/ament_prefix_path.sh
[4.906s] -- Up-to-date symlink: /home/devam/bumperbot_ws/install/bumperbot_controller/share/bumperbot_controller/environment/ament_prefix_path.dsv
[4.906s] -- Up-to-date symlink: /home/devam/bumperbot_ws/install/bumperbot_controller/share/bumperbot_controller/environment/path.sh
[4.906s] -- Up-to-date symlink: /home/devam/bumperbot_ws/install/bumperbot_controller/share/bumperbot_controller/environment/path.dsv
[4.907s] -- Up-to-date symlink: /home/devam/bumperbot_ws/install/bumperbot_controller/share/bumperbot_controller/local_setup.bash
[4.907s] -- Up-to-date symlink: /home/devam/bumperbot_ws/install/bumperbot_controller/share/bumperbot_controller/local_setup.sh
[4.907s] -- Up-to-date symlink: /home/devam/bumperbot_ws/install/bumperbot_controller/share/bumperbot_controller/local_setup.zsh
[4.907s] -- Up-to-date symlink: /home/devam/bumperbot_ws/install/bumperbot_controller/share/bumperbot_controller/local_setup.dsv
[4.907s] -- Symlinking: /home/devam/bumperbot_ws/install/bumperbot_controller/share/bumperbot_controller/package.dsv
[4.911s] -- Up-to-date symlink: /home/devam/bumperbot_ws/install/bumperbot_controller/share/ament_index/resource_index/packages/bumperbot_controller
[4.911s] -- Up-to-date symlink: /home/devam/bumperbot_ws/install/bumperbot_controller/share/bumperbot_controller/cmake/bumperbot_controllerConfig.cmake
[4.911s] -- Up-to-date symlink: /home/devam/bumperbot_ws/install/bumperbot_controller/share/bumperbot_controller/cmake/bumperbot_controllerConfig-version.cmake
[4.911s] -- Up-to-date symlink: /home/devam/bumperbot_ws/install/bumperbot_controller/share/bumperbot_controller/package.xml
[4.928s] Listing '/home/devam/bumperbot_ws/install/bumperbot_controller/local/lib/python3.10/dist-packages/bumperbot_controller'...
[4.932s] Invoked command in '/home/devam/bumperbot_ws/build/bumperbot_controller' returned '0': CMAKE_PREFIX_PATH=${CMAKE_PREFIX_PATH}:/home/devam/bumperbot_ws/install/bumperbot_py_examples:/opt/ros/humble /usr/bin/cmake --install /home/devam/bumperbot_ws/build/bumperbot_controller
