[0.352s] Invoking command in '/home/devam/bumperbot_ws/src/bumperbot_py_examples': PYTHONPATH=/home/devam/bumperbot_ws/build/bumperbot_py_examples/prefix_override:/usr/lib/python3/dist-packages/colcon_core/task/python/colcon_distutils_commands:/home/devam/bumperbot_ws/install/bumperbot_py_examples/lib/python3.10/site-packages:${PYTHONPATH} /usr/bin/python3 -W ignore:setup.py install is deprecated -W ignore:easy_install command is deprecated setup.py egg_info --egg-base ../../build/bumperbot_py_examples build --build-base /home/devam/bumperbot_ws/build/bumperbot_py_examples/build install --record /home/devam/bumperbot_ws/build/bumperbot_py_examples/install.log --single-version-externally-managed install_data
[0.476s] running egg_info
[0.477s] creating ../../build/bumperbot_py_examples/bumperbot_py_examples.egg-info
[0.477s] writing ../../build/bumperbot_py_examples/bumperbot_py_examples.egg-info/PKG-INFO
[0.477s] writing dependency_links to ../../build/bumperbot_py_examples/bumperbot_py_examples.egg-info/dependency_links.txt
[0.477s] writing entry points to ../../build/bumperbot_py_examples/bumperbot_py_examples.egg-info/entry_points.txt
[0.477s] writing requirements to ../../build/bumperbot_py_examples/bumperbot_py_examples.egg-info/requires.txt
[0.477s] writing top-level names to ../../build/bumperbot_py_examples/bumperbot_py_examples.egg-info/top_level.txt
[0.477s] writing manifest file '../../build/bumperbot_py_examples/bumperbot_py_examples.egg-info/SOURCES.txt'
[0.478s] reading manifest file '../../build/bumperbot_py_examples/bumperbot_py_examples.egg-info/SOURCES.txt'
[0.478s] writing manifest file '../../build/bumperbot_py_examples/bumperbot_py_examples.egg-info/SOURCES.txt'
[0.478s] running build
[0.478s] running build_py
[0.478s] creating /home/devam/bumperbot_ws/build/bumperbot_py_examples/build
[0.478s] creating /home/devam/bumperbot_ws/build/bumperbot_py_examples/build/lib
[0.479s] creating /home/devam/bumperbot_ws/build/bumperbot_py_examples/build/lib/bumperbot_py_examples
[0.479s] copying bumperbot_py_examples/__init__.py -> /home/devam/bumperbot_ws/build/bumperbot_py_examples/build/lib/bumperbot_py_examples
[0.479s] running install
[0.479s] running install_lib
[0.479s] creating /home/devam/bumperbot_ws/install/bumperbot_py_examples/lib/python3.10/site-packages/bumperbot_py_examples
[0.479s] copying /home/devam/bumperbot_ws/build/bumperbot_py_examples/build/lib/bumperbot_py_examples/__init__.py -> /home/devam/bumperbot_ws/install/bumperbot_py_examples/lib/python3.10/site-packages/bumperbot_py_examples
[0.479s] byte-compiling /home/devam/bumperbot_ws/install/bumperbot_py_examples/lib/python3.10/site-packages/bumperbot_py_examples/__init__.py to __init__.cpython-310.pyc
[0.479s] running install_data
[0.479s] creating /home/devam/bumperbot_ws/install/bumperbot_py_examples/share/ament_index
[0.479s] creating /home/devam/bumperbot_ws/install/bumperbot_py_examples/share/ament_index/resource_index
[0.479s] creating /home/devam/bumperbot_ws/install/bumperbot_py_examples/share/ament_index/resource_index/packages
[0.479s] copying resource/bumperbot_py_examples -> /home/devam/bumperbot_ws/install/bumperbot_py_examples/share/ament_index/resource_index/packages
[0.479s] copying package.xml -> /home/devam/bumperbot_ws/install/bumperbot_py_examples/share/bumperbot_py_examples
[0.479s] running install_egg_info
[0.480s] Copying ../../build/bumperbot_py_examples/bumperbot_py_examples.egg-info to /home/devam/bumperbot_ws/install/bumperbot_py_examples/lib/python3.10/site-packages/bumperbot_py_examples-0.0.0-py3.10.egg-info
[0.480s] running install_scripts
[0.490s] writing list of installed files to '/home/devam/bumperbot_ws/build/bumperbot_py_examples/install.log'
[0.503s] Invoked command in '/home/devam/bumperbot_ws/src/bumperbot_py_examples' returned '0': PYTHONPATH=/home/devam/bumperbot_ws/build/bumperbot_py_examples/prefix_override:/usr/lib/python3/dist-packages/colcon_core/task/python/colcon_distutils_commands:/home/devam/bumperbot_ws/install/bumperbot_py_examples/lib/python3.10/site-packages:${PYTHONPATH} /usr/bin/python3 -W ignore:setup.py install is deprecated -W ignore:easy_install command is deprecated setup.py egg_info --egg-base ../../build/bumperbot_py_examples build --build-base /home/devam/bumperbot_ws/build/bumperbot_py_examples/build install --record /home/devam/bumperbot_ws/build/bumperbot_py_examples/install.log --single-version-externally-managed install_data
