[0.017s] Invoking command in '/home/devam/bumperbot_ws/build/bumperbot_controller': CMAKE_PREFIX_PATH=${CMAKE_PREFIX_PATH}:/home/devam/bumperbot_ws/install/bumperbot_py_examples:/opt/ros/humble /usr/bin/cmake --build /home/devam/bumperbot_ws/build/bumperbot_controller -- -j24 -l24
[0.059s] [  0%] Built target ament_cmake_python_copy_bumperbot_controller
[0.063s] [ 50%] Built target noisy_controller
[0.066s] [100%] Built target simple_controller
[0.309s] running egg_info
[0.320s] writing bumperbot_controller.egg-info/PKG-INFO
[0.320s] writing dependency_links to bumperbot_controller.egg-info/dependency_links.txt
[0.320s] writing top-level names to bumperbot_controller.egg-info/top_level.txt
[0.360s] reading manifest file 'bumperbot_controller.egg-info/SOURCES.txt'
[0.361s] writing manifest file 'bumperbot_controller.egg-info/SOURCES.txt'
[0.394s] [100%] Built target ament_cmake_python_build_bumperbot_controller_egg
[0.404s] Invoked command in '/home/devam/bumperbot_ws/build/bumperbot_controller' returned '0': CMAKE_PREFIX_PATH=${CMAKE_PREFIX_PATH}:/home/devam/bumperbot_ws/install/bumperbot_py_examples:/opt/ros/humble /usr/bin/cmake --build /home/devam/bumperbot_ws/build/bumperbot_controller -- -j24 -l24
[0.405s] Invoking command in '/home/devam/bumperbot_ws/build/bumperbot_controller': CMAKE_PREFIX_PATH=${CMAKE_PREFIX_PATH}:/home/devam/bumperbot_ws/install/bumperbot_py_examples:/opt/ros/humble /usr/bin/cmake --install /home/devam/bumperbot_ws/build/bumperbot_controller
[0.413s] -- Install configuration: ""
[0.413s] -- Up-to-date: /home/devam/bumperbot_ws/install/bumperbot_controller/share/bumperbot_controller/environment/pythonpath.sh
[0.413s] -- Up-to-date: /home/devam/bumperbot_ws/install/bumperbot_controller/share/bumperbot_controller/environment/pythonpath.dsv
[0.413s] -- Up-to-date: /home/devam/bumperbot_ws/install/bumperbot_controller/local/lib/python3.10/dist-packages/bumperbot_controller-0.0.0-py3.10.egg-info
[0.413s] -- Installing: /home/devam/bumperbot_ws/install/bumperbot_controller/local/lib/python3.10/dist-packages/bumperbot_controller-0.0.0-py3.10.egg-info/top_level.txt
[0.414s] -- Installing: /home/devam/bumperbot_ws/install/bumperbot_controller/local/lib/python3.10/dist-packages/bumperbot_controller-0.0.0-py3.10.egg-info/PKG-INFO
[0.414s] -- Installing: /home/devam/bumperbot_ws/install/bumperbot_controller/local/lib/python3.10/dist-packages/bumperbot_controller-0.0.0-py3.10.egg-info/SOURCES.txt
[0.414s] -- Installing: /home/devam/bumperbot_ws/install/bumperbot_controller/local/lib/python3.10/dist-packages/bumperbot_controller-0.0.0-py3.10.egg-info/dependency_links.txt
[0.414s] -- Up-to-date: /home/devam/bumperbot_ws/install/bumperbot_controller/local/lib/python3.10/dist-packages/bumperbot_controller
[0.414s] -- Up-to-date: /home/devam/bumperbot_ws/install/bumperbot_controller/local/lib/python3.10/dist-packages/bumperbot_controller/simple_path.py
[0.414s] -- Up-to-date: /home/devam/bumperbot_ws/install/bumperbot_controller/local/lib/python3.10/dist-packages/bumperbot_controller/noise_controller.py
[0.414s] -- Up-to-date: /home/devam/bumperbot_ws/install/bumperbot_controller/local/lib/python3.10/dist-packages/bumperbot_controller/__init__.py
[0.414s] -- Up-to-date: /home/devam/bumperbot_ws/install/bumperbot_controller/local/lib/python3.10/dist-packages/bumperbot_controller/simple_controller.py
[0.439s] Listing '/home/devam/bumperbot_ws/install/bumperbot_controller/local/lib/python3.10/dist-packages/bumperbot_controller'...
[0.445s] -- Up-to-date: /home/devam/bumperbot_ws/install/bumperbot_controller/include/include
[0.446s] -- Up-to-date: /home/devam/bumperbot_ws/install/bumperbot_controller/include/include/bumperbot_controller
[0.446s] -- Up-to-date: /home/devam/bumperbot_ws/install/bumperbot_controller/include/include/bumperbot_controller/simple_controller.hpp
[0.447s] -- Up-to-date: /home/devam/bumperbot_ws/install/bumperbot_controller/include/include/bumperbot_controller/noisy_controller.hpp
[0.447s] -- Up-to-date: /home/devam/bumperbot_ws/install/bumperbot_controller/lib/bumperbot_controller/simple_controller
[0.447s] -- Up-to-date: /home/devam/bumperbot_ws/install/bumperbot_controller/lib/bumperbot_controller/noisy_controller
[0.447s] -- Up-to-date: /home/devam/bumperbot_ws/install/bumperbot_controller/share/bumperbot_controller/config
[0.447s] -- Up-to-date: /home/devam/bumperbot_ws/install/bumperbot_controller/share/bumperbot_controller/config/bumperbot_controllers.yaml
[0.447s] -- Up-to-date: /home/devam/bumperbot_ws/install/bumperbot_controller/share/bumperbot_controller/launch
[0.447s] -- Up-to-date: /home/devam/bumperbot_ws/install/bumperbot_controller/share/bumperbot_controller/launch/controller.launch.py
[0.448s] -- Up-to-date: /home/devam/bumperbot_ws/install/bumperbot_controller/lib/bumperbot_controller/simple_controller.py
[0.448s] -- Up-to-date: /home/devam/bumperbot_ws/install/bumperbot_controller/lib/bumperbot_controller/noise_controller.py
[0.448s] -- Up-to-date: /home/devam/bumperbot_ws/install/bumperbot_controller/lib/bumperbot_controller/simple_path.py
[0.448s] -- Up-to-date: /home/devam/bumperbot_ws/install/bumperbot_controller/share/ament_index/resource_index/package_run_dependencies/bumperbot_controller
[0.448s] -- Up-to-date: /home/devam/bumperbot_ws/install/bumperbot_controller/share/ament_index/resource_index/parent_prefix_path/bumperbot_controller
[0.448s] -- Up-to-date: /home/devam/bumperbot_ws/install/bumperbot_controller/share/bumperbot_controller/environment/ament_prefix_path.sh
[0.448s] -- Up-to-date: /home/devam/bumperbot_ws/install/bumperbot_controller/share/bumperbot_controller/environment/ament_prefix_path.dsv
[0.448s] -- Up-to-date: /home/devam/bumperbot_ws/install/bumperbot_controller/share/bumperbot_controller/environment/path.sh
[0.448s] -- Up-to-date: /home/devam/bumperbot_ws/install/bumperbot_controller/share/bumperbot_controller/environment/path.dsv
[0.449s] -- Up-to-date: /home/devam/bumperbot_ws/install/bumperbot_controller/share/bumperbot_controller/local_setup.bash
[0.449s] -- Up-to-date: /home/devam/bumperbot_ws/install/bumperbot_controller/share/bumperbot_controller/local_setup.sh
[0.449s] -- Up-to-date: /home/devam/bumperbot_ws/install/bumperbot_controller/share/bumperbot_controller/local_setup.zsh
[0.449s] -- Up-to-date: /home/devam/bumperbot_ws/install/bumperbot_controller/share/bumperbot_controller/local_setup.dsv
[0.450s] -- Installing: /home/devam/bumperbot_ws/install/bumperbot_controller/share/bumperbot_controller/package.dsv
[0.450s] -- Up-to-date: /home/devam/bumperbot_ws/install/bumperbot_controller/share/ament_index/resource_index/packages/bumperbot_controller
[0.450s] -- Up-to-date: /home/devam/bumperbot_ws/install/bumperbot_controller/share/bumperbot_controller/cmake/bumperbot_controllerConfig.cmake
[0.450s] -- Up-to-date: /home/devam/bumperbot_ws/install/bumperbot_controller/share/bumperbot_controller/cmake/bumperbot_controllerConfig-version.cmake
[0.451s] -- Up-to-date: /home/devam/bumperbot_ws/install/bumperbot_controller/share/bumperbot_controller/package.xml
[0.464s] Invoked command in '/home/devam/bumperbot_ws/build/bumperbot_controller' returned '0': CMAKE_PREFIX_PATH=${CMAKE_PREFIX_PATH}:/home/devam/bumperbot_ws/install/bumperbot_py_examples:/opt/ros/humble /usr/bin/cmake --install /home/devam/bumperbot_ws/build/bumperbot_controller
