-- Found ament_cmake: 1.3.11 (/opt/ros/humble/share/ament_cmake/cmake)
-- Override CMake install command with custom implementation using symlinks instead of copying resources
-- Found rclcpp: 16.0.11 (/opt/ros/humble/share/rclcpp/cmake)
-- Found rosidl_generator_c: 3.1.6 (/opt/ros/humble/share/rosidl_generator_c/cmake)
-- Found rosidl_adapter: 3.1.6 (/opt/ros/humble/share/rosidl_adapter/cmake)
-- Found rosidl_generator_cpp: 3.1.6 (/opt/ros/humble/share/rosidl_generator_cpp/cmake)
-- Using all available rosidl_typesupport_c: rosidl_typesupport_fastrtps_c;rosidl_typesupport_introspection_c
-- Using all available rosidl_typesupport_cpp: rosidl_typesupport_fastrtps_cpp;rosidl_typesupport_introspection_cpp
-- Found rmw_implementation_cmake: 6.1.2 (/opt/ros/humble/share/rmw_implementation_cmake/cmake)
-- Found rmw_fastrtps_cpp: 6.2.7 (/opt/ros/humble/share/rmw_fastrtps_cpp/cmake)
-- Using RMW implementation 'rmw_fastrtps_cpp' as default
-- Found geometry_msgs: 4.2.4 (/opt/ros/humble/share/geometry_msgs/cmake)
-- Found turtlesim: 1.4.2 (/opt/ros/humble/share/turtlesim/cmake)
-- Found ament_lint_auto: 0.12.11 (/opt/ros/humble/share/ament_lint_auto/cmake)
-- Added test 'cppcheck' to perform static code analysis on C / C++ code
-- Configured cppcheck include dirs: /home/devam/bumperbot_ws/src/bumperbot_cpp_examples/include
-- Configured cppcheck exclude dirs and/or files: 
-- Added test 'lint_cmake' to check CMake code style
-- Added test 'uncrustify' to check C / C++ code style
-- Configured uncrustify additional arguments: 
-- Added test 'xmllint' to check XML markup files
-- Configuring done
-- Generating done
-- Build files have been written to: /home/devam/bumperbot_ws/build/bumperbot_cpp_examples
[35m[1mConsolidate compiler generated dependencies of target simple_publisher_cpp[0m
[35m[1mConsolidate compiler generated dependencies of target twist_pubsub_cpp[0m
[35m[1mConsolidate compiler generated dependencies of target twist_publisher_cpp[0m
[35m[1mConsolidate compiler generated dependencies of target simple_subscriber_cpp[0m
[ 10%] [32mBuilding CXX object CMakeFiles/turtle_ref_pose.dir/src/turtle_ref_pose.cpp.o[0m
[ 20%] [32mBuilding CXX object CMakeFiles/simple_publisher_cpp.dir/src/simple_publisher.cpp.o[0m
[ 30%] [32mBuilding CXX object CMakeFiles/twist_publisher_cpp.dir/src/twist_publisher.cpp.o[0m
[ 40%] [32mBuilding CXX object CMakeFiles/simple_subscriber_cpp.dir/src/simple_subscriber.cpp.o[0m
[ 50%] [32mBuilding CXX object CMakeFiles/twist_pubsub_cpp.dir/src/twist_pub_sub.cpp.o[0m
[ 60%] [32m[1mLinking CXX executable twist_publisher_cpp[0m
[ 70%] [32m[1mLinking CXX executable simple_publisher_cpp[0m
[ 70%] Built target simple_publisher_cpp
[ 70%] Built target twist_publisher_cpp
[ 80%] [32m[1mLinking CXX executable simple_subscriber_cpp[0m
[ 90%] [32m[1mLinking CXX executable twist_pubsub_cpp[0m
[ 90%] Built target simple_subscriber_cpp
[ 90%] Built target twist_pubsub_cpp
