[0.057s] Invoking command in '/home/devam/bumperbot_ws/build/bumperbot_cpp_examples': CMAKE_PREFIX_PATH=/opt/ros/humble /usr/bin/cmake --build /home/devam/bumperbot_ws/build/bumperbot_cpp_examples -- -j24 -l24
[0.079s] -- Found ament_cmake: 1.3.11 (/opt/ros/humble/share/ament_cmake/cmake)
[0.154s] -- Found rclcpp: 16.0.11 (/opt/ros/humble/share/rclcpp/cmake)
[0.172s] -- Found rosidl_generator_c: 3.1.6 (/opt/ros/humble/share/rosidl_generator_c/cmake)
[0.173s] -- Found rosidl_adapter: 3.1.6 (/opt/ros/humble/share/rosidl_adapter/cmake)
[0.176s] -- Found rosidl_generator_cpp: 3.1.6 (/opt/ros/humble/share/rosidl_generator_cpp/cmake)
[0.181s] -- Using all available rosidl_typesupport_c: rosidl_typesupport_fastrtps_c;rosidl_typesupport_introspection_c
[0.187s] -- Using all available rosidl_typesupport_cpp: rosidl_typesupport_fastrtps_cpp;rosidl_typesupport_introspection_cpp
[0.203s] -- Found rmw_implementation_cmake: 6.1.2 (/opt/ros/humble/share/rmw_implementation_cmake/cmake)
[0.204s] -- Found rmw_fastrtps_cpp: 6.2.7 (/opt/ros/humble/share/rmw_fastrtps_cpp/cmake)
[0.262s] -- Using RMW implementation 'rmw_fastrtps_cpp' as default
[0.287s] -- Found geometry_msgs: 4.2.4 (/opt/ros/humble/share/geometry_msgs/cmake)
[0.293s] -- Found turtlesim: 1.4.2 (/opt/ros/humble/share/turtlesim/cmake)
[0.312s] -- Found tf2_ros: 0.25.9 (/opt/ros/humble/share/tf2_ros/cmake)
[0.345s] -- Found ament_lint_auto: 0.12.11 (/opt/ros/humble/share/ament_lint_auto/cmake)
[0.383s] -- Added test 'cppcheck' to perform static code analysis on C / C++ code
[0.383s] -- Configured cppcheck include dirs: /home/devam/bumperbot_ws/src/bumperbot_cpp_examples/include
[0.383s] -- Configured cppcheck exclude dirs and/or files: 
[0.384s] -- Added test 'lint_cmake' to check CMake code style
[0.384s] -- Added test 'uncrustify' to check C / C++ code style
[0.384s] -- Configured uncrustify additional arguments: 
[0.384s] -- Added test 'xmllint' to check XML markup files
[0.384s] -- Configuring done
[0.396s] -- Generating done
[0.402s] -- Build files have been written to: /home/devam/bumperbot_ws/build/bumperbot_cpp_examples
[0.420s] [35m[1mConsolidate compiler generated dependencies of target twist_publisher_cpp[0m
[0.420s] [35m[1mConsolidate compiler generated dependencies of target turtle_ref_pose[0m
[0.420s] [35m[1mConsolidate compiler generated dependencies of target simple_tf_kinematics[0m
[0.420s] [35m[1mConsolidate compiler generated dependencies of target twist_pubsub_cpp[0m
[0.421s] [35m[1mConsolidate compiler generated dependencies of target simple_publisher_cpp[0m
[0.421s] [35m[1mConsolidate compiler generated dependencies of target simple_subscriber_cpp[0m
[0.430s] [ 50%] Built target twist_pubsub_cpp
[0.430s] [ 50%] Built target simple_publisher_cpp
[0.430s] [ 50%] Built target simple_tf_kinematics
[0.431s] [ 66%] Built target twist_publisher_cpp
[0.432s] [ 83%] Built target turtle_ref_pose
[0.433s] [100%] Built target simple_subscriber_cpp
[0.440s] Invoked command in '/home/devam/bumperbot_ws/build/bumperbot_cpp_examples' returned '0': CMAKE_PREFIX_PATH=/opt/ros/humble /usr/bin/cmake --build /home/devam/bumperbot_ws/build/bumperbot_cpp_examples -- -j24 -l24
[0.441s] Invoking command in '/home/devam/bumperbot_ws/build/bumperbot_cpp_examples': CMAKE_PREFIX_PATH=/opt/ros/humble /usr/bin/cmake --install /home/devam/bumperbot_ws/build/bumperbot_cpp_examples
[0.445s] -- Install configuration: ""
[0.445s] -- Up-to-date: /home/devam/bumperbot_ws/install/bumperbot_cpp_examples/include/include
[0.445s] -- Up-to-date: /home/devam/bumperbot_ws/install/bumperbot_cpp_examples/include/include/bumperbot_cpp_examples
[0.445s] -- Up-to-date: /home/devam/bumperbot_ws/install/bumperbot_cpp_examples/include/include/bumperbot_cpp_examples/simple_tf_kinematics.hpp
[0.445s] -- Up-to-date: /home/devam/bumperbot_ws/install/bumperbot_cpp_examples/include/include/bumperbot_cpp_examples/turtle_ref_pose.hpp
[0.445s] -- Up-to-date: /home/devam/bumperbot_ws/install/bumperbot_cpp_examples/lib/bumperbot_cpp_examples/simple_publisher_cpp
[0.446s] -- Up-to-date: /home/devam/bumperbot_ws/install/bumperbot_cpp_examples/lib/bumperbot_cpp_examples/simple_subscriber_cpp
[0.446s] -- Up-to-date: /home/devam/bumperbot_ws/install/bumperbot_cpp_examples/lib/bumperbot_cpp_examples/twist_publisher_cpp
[0.446s] -- Up-to-date: /home/devam/bumperbot_ws/install/bumperbot_cpp_examples/lib/bumperbot_cpp_examples/twist_pubsub_cpp
[0.446s] -- Up-to-date: /home/devam/bumperbot_ws/install/bumperbot_cpp_examples/lib/bumperbot_cpp_examples/turtle_ref_pose
[0.446s] -- Up-to-date: /home/devam/bumperbot_ws/install/bumperbot_cpp_examples/lib/bumperbot_cpp_examples/simple_tf_kinematics
[0.446s] -- Up-to-date: /home/devam/bumperbot_ws/install/bumperbot_cpp_examples/share/ament_index/resource_index/package_run_dependencies/bumperbot_cpp_examples
[0.446s] -- Installing: /home/devam/bumperbot_ws/install/bumperbot_cpp_examples/share/ament_index/resource_index/parent_prefix_path/bumperbot_cpp_examples
[0.446s] -- Up-to-date: /home/devam/bumperbot_ws/install/bumperbot_cpp_examples/share/bumperbot_cpp_examples/environment/ament_prefix_path.sh
[0.446s] -- Installing: /home/devam/bumperbot_ws/install/bumperbot_cpp_examples/share/bumperbot_cpp_examples/environment/ament_prefix_path.dsv
[0.446s] -- Up-to-date: /home/devam/bumperbot_ws/install/bumperbot_cpp_examples/share/bumperbot_cpp_examples/environment/path.sh
[0.446s] -- Installing: /home/devam/bumperbot_ws/install/bumperbot_cpp_examples/share/bumperbot_cpp_examples/environment/path.dsv
[0.446s] -- Up-to-date: /home/devam/bumperbot_ws/install/bumperbot_cpp_examples/share/bumperbot_cpp_examples/local_setup.bash
[0.446s] -- Up-to-date: /home/devam/bumperbot_ws/install/bumperbot_cpp_examples/share/bumperbot_cpp_examples/local_setup.sh
[0.446s] -- Up-to-date: /home/devam/bumperbot_ws/install/bumperbot_cpp_examples/share/bumperbot_cpp_examples/local_setup.zsh
[0.446s] -- Installing: /home/devam/bumperbot_ws/install/bumperbot_cpp_examples/share/bumperbot_cpp_examples/local_setup.dsv
[0.446s] -- Installing: /home/devam/bumperbot_ws/install/bumperbot_cpp_examples/share/bumperbot_cpp_examples/package.dsv
[0.446s] -- Up-to-date: /home/devam/bumperbot_ws/install/bumperbot_cpp_examples/share/ament_index/resource_index/packages/bumperbot_cpp_examples
[0.446s] -- Up-to-date: /home/devam/bumperbot_ws/install/bumperbot_cpp_examples/share/bumperbot_cpp_examples/cmake/bumperbot_cpp_examplesConfig.cmake
[0.446s] -- Up-to-date: /home/devam/bumperbot_ws/install/bumperbot_cpp_examples/share/bumperbot_cpp_examples/cmake/bumperbot_cpp_examplesConfig-version.cmake
[0.446s] -- Installing: /home/devam/bumperbot_ws/install/bumperbot_cpp_examples/share/bumperbot_cpp_examples/package.xml
[0.448s] Invoked command in '/home/devam/bumperbot_ws/build/bumperbot_cpp_examples' returned '0': CMAKE_PREFIX_PATH=/opt/ros/humble /usr/bin/cmake --install /home/devam/bumperbot_ws/build/bumperbot_cpp_examples
