[ 16%] Built target turtle_ref_pose
[ 33%] Built target simple_tf_kinematics
[ 50%] Built target twist_publisher_cpp
[ 66%] Built target simple_publisher_cpp
[ 83%] Built target simple_subscriber_cpp
[100%] Built target twist_pubsub_cpp
-- Install configuration: ""
-- Up-to-date: /home/devam/bumperbot_ws/install/bumperbot_cpp_examples/include/include
-- Up-to-date: /home/devam/bumperbot_ws/install/bumperbot_cpp_examples/include/include/bumperbot_cpp_examples
-- Up-to-date: /home/devam/bumperbot_ws/install/bumperbot_cpp_examples/include/include/bumperbot_cpp_examples/simple_tf_kinematics.hpp
-- Up-to-date: /home/devam/bumperbot_ws/install/bumperbot_cpp_examples/include/include/bumperbot_cpp_examples/turtle_ref_pose.hpp
-- Up-to-date: /home/devam/bumperbot_ws/install/bumperbot_cpp_examples/lib/bumperbot_cpp_examples/simple_publisher_cpp
-- Up-to-date: /home/devam/bumperbot_ws/install/bumperbot_cpp_examples/lib/bumperbot_cpp_examples/simple_subscriber_cpp
-- Up-to-date: /home/devam/bumperbot_ws/install/bumperbot_cpp_examples/lib/bumperbot_cpp_examples/twist_publisher_cpp
-- Up-to-date: /home/devam/bumperbot_ws/install/bumperbot_cpp_examples/lib/bumperbot_cpp_examples/twist_pubsub_cpp
-- Up-to-date: /home/devam/bumperbot_ws/install/bumperbot_cpp_examples/lib/bumperbot_cpp_examples/turtle_ref_pose
-- Up-to-date: /home/devam/bumperbot_ws/install/bumperbot_cpp_examples/lib/bumperbot_cpp_examples/simple_tf_kinematics
-- Up-to-date: /home/devam/bumperbot_ws/install/bumperbot_cpp_examples/share/ament_index/resource_index/package_run_dependencies/bumperbot_cpp_examples
-- Up-to-date: /home/devam/bumperbot_ws/install/bumperbot_cpp_examples/share/ament_index/resource_index/parent_prefix_path/bumperbot_cpp_examples
-- Up-to-date: /home/devam/bumperbot_ws/install/bumperbot_cpp_examples/share/bumperbot_cpp_examples/environment/ament_prefix_path.sh
-- Up-to-date: /home/devam/bumperbot_ws/install/bumperbot_cpp_examples/share/bumperbot_cpp_examples/environment/ament_prefix_path.dsv
-- Up-to-date: /home/devam/bumperbot_ws/install/bumperbot_cpp_examples/share/bumperbot_cpp_examples/environment/path.sh
-- Up-to-date: /home/devam/bumperbot_ws/install/bumperbot_cpp_examples/share/bumperbot_cpp_examples/environment/path.dsv
-- Up-to-date: /home/devam/bumperbot_ws/install/bumperbot_cpp_examples/share/bumperbot_cpp_examples/local_setup.bash
-- Up-to-date: /home/devam/bumperbot_ws/install/bumperbot_cpp_examples/share/bumperbot_cpp_examples/local_setup.sh
-- Up-to-date: /home/devam/bumperbot_ws/install/bumperbot_cpp_examples/share/bumperbot_cpp_examples/local_setup.zsh
-- Up-to-date: /home/devam/bumperbot_ws/install/bumperbot_cpp_examples/share/bumperbot_cpp_examples/local_setup.dsv
-- Installing: /home/devam/bumperbot_ws/install/bumperbot_cpp_examples/share/bumperbot_cpp_examples/package.dsv
-- Up-to-date: /home/devam/bumperbot_ws/install/bumperbot_cpp_examples/share/ament_index/resource_index/packages/bumperbot_cpp_examples
-- Up-to-date: /home/devam/bumperbot_ws/install/bumperbot_cpp_examples/share/bumperbot_cpp_examples/cmake/bumperbot_cpp_examplesConfig.cmake
-- Up-to-date: /home/devam/bumperbot_ws/install/bumperbot_cpp_examples/share/bumperbot_cpp_examples/cmake/bumperbot_cpp_examplesConfig-version.cmake
-- Up-to-date: /home/devam/bumperbot_ws/install/bumperbot_cpp_examples/share/bumperbot_cpp_examples/package.xml
