[0.009s] Invoking command in '/home/devam/bumperbot_ws/build/bumperbot_description': CMAKE_PREFIX_PATH=/opt/ros/humble /usr/bin/cmake /home/devam/bumperbot_ws/src/bumperbot_description -DCMAKE_INSTALL_PREFIX=/home/devam/bumperbot_ws/install/bumperbot_description
[0.042s] -- The C compiler identification is GNU 11.4.0
[0.077s] -- The CXX compiler identification is GNU 11.4.0
[0.081s] -- Detecting C compiler ABI info
[0.133s] -- Detecting C compiler ABI info - done
[0.140s] -- Check for working C compiler: /usr/bin/cc - skipped
[0.140s] -- Detecting C compile features
[0.141s] -- Detecting C compile features - done
[0.144s] -- Detecting CXX compiler ABI info
[0.207s] -- Detecting CXX compiler ABI info - done
[0.212s] -- Check for working CXX compiler: /usr/bin/c++ - skipped
[0.212s] -- Detecting CXX compile features
[0.212s] -- Detecting CXX compile features - done
[0.214s] -- Found ament_cmake: 1.3.11 (/opt/ros/humble/share/ament_cmake/cmake)
[0.684s] -- Found Python3: /usr/bin/python3 (found version "3.10.12") found components: Interpreter 
[0.746s] -- Found ament_lint_auto: 0.12.11 (/opt/ros/humble/share/ament_lint_auto/cmake)
[0.798s] -- Added test 'lint_cmake' to check CMake code style
[0.798s] -- Added test 'xmllint' to check XML markup files
[0.799s] -- Configuring done
[0.800s] -- Generating done
[0.801s] -- Build files have been written to: /home/devam/bumperbot_ws/build/bumperbot_description
[0.805s] Invoked command in '/home/devam/bumperbot_ws/build/bumperbot_description' returned '0': CMAKE_PREFIX_PATH=/opt/ros/humble /usr/bin/cmake /home/devam/bumperbot_ws/src/bumperbot_description -DCMAKE_INSTALL_PREFIX=/home/devam/bumperbot_ws/install/bumperbot_description
[0.805s] Invoking command in '/home/devam/bumperbot_ws/build/bumperbot_description': CMAKE_PREFIX_PATH=/opt/ros/humble /usr/bin/cmake --build /home/devam/bumperbot_ws/build/bumperbot_description -- -j24 -l24
[0.834s] Invoked command in '/home/devam/bumperbot_ws/build/bumperbot_description' returned '0': CMAKE_PREFIX_PATH=/opt/ros/humble /usr/bin/cmake --build /home/devam/bumperbot_ws/build/bumperbot_description -- -j24 -l24
[0.835s] Invoking command in '/home/devam/bumperbot_ws/build/bumperbot_description': CMAKE_PREFIX_PATH=/opt/ros/humble /usr/bin/cmake --install /home/devam/bumperbot_ws/build/bumperbot_description
[0.840s] -- Install configuration: ""
[0.840s] -- Installing: /home/devam/bumperbot_ws/install/bumperbot_description/share/ament_index/resource_index/package_run_dependencies/bumperbot_description
[0.840s] -- Installing: /home/devam/bumperbot_ws/install/bumperbot_description/share/ament_index/resource_index/parent_prefix_path/bumperbot_description
[0.840s] -- Installing: /home/devam/bumperbot_ws/install/bumperbot_description/share/bumperbot_description/environment/ament_prefix_path.sh
[0.840s] -- Installing: /home/devam/bumperbot_ws/install/bumperbot_description/share/bumperbot_description/environment/ament_prefix_path.dsv
[0.840s] -- Installing: /home/devam/bumperbot_ws/install/bumperbot_description/share/bumperbot_description/environment/path.sh
[0.840s] -- Installing: /home/devam/bumperbot_ws/install/bumperbot_description/share/bumperbot_description/environment/path.dsv
[0.840s] -- Installing: /home/devam/bumperbot_ws/install/bumperbot_description/share/bumperbot_description/local_setup.bash
[0.840s] -- Installing: /home/devam/bumperbot_ws/install/bumperbot_description/share/bumperbot_description/local_setup.sh
[0.840s] -- Installing: /home/devam/bumperbot_ws/install/bumperbot_description/share/bumperbot_description/local_setup.zsh
[0.840s] -- Installing: /home/devam/bumperbot_ws/install/bumperbot_description/share/bumperbot_description/local_setup.dsv
[0.840s] -- Installing: /home/devam/bumperbot_ws/install/bumperbot_description/share/bumperbot_description/package.dsv
[0.840s] -- Installing: /home/devam/bumperbot_ws/install/bumperbot_description/share/ament_index/resource_index/packages/bumperbot_description
[0.840s] -- Installing: /home/devam/bumperbot_ws/install/bumperbot_description/share/bumperbot_description/cmake/bumperbot_descriptionConfig.cmake
[0.840s] -- Installing: /home/devam/bumperbot_ws/install/bumperbot_description/share/bumperbot_description/cmake/bumperbot_descriptionConfig-version.cmake
[0.840s] -- Installing: /home/devam/bumperbot_ws/install/bumperbot_description/share/bumperbot_description/package.xml
[0.842s] Invoked command in '/home/devam/bumperbot_ws/build/bumperbot_description' returned '0': CMAKE_PREFIX_PATH=/opt/ros/humble /usr/bin/cmake --install /home/devam/bumperbot_ws/build/bumperbot_description
