[0.009s] Invoking command in '/home/devam/bumperbot_ws/build/bumperbot_description': CMAKE_PREFIX_PATH=/opt/ros/humble /usr/bin/cmake /home/devam/bumperbot_ws/src/bumperbot_description -DCMAKE_INSTALL_PREFIX=/home/devam/bumperbot_ws/install/bumperbot_description
[0.024s] -- Found ament_cmake: 1.3.11 (/opt/ros/humble/share/ament_cmake/cmake)
[0.094s] -- Override CMake install command with custom implementation using symlinks instead of copying resources
[0.104s] -- Found ament_lint_auto: 0.12.11 (/opt/ros/humble/share/ament_lint_auto/cmake)
[0.144s] -- Added test 'flake8' to check Python code syntax and style conventions
[0.145s] -- Added test 'lint_cmake' to check CMake code style
[0.145s] -- Added test 'pep257' to check Python code against some of the docstring style conventions in PEP 257
[0.145s] -- Added test 'xmllint' to check XML markup files
[0.146s] -- Configuring done
[0.149s] -- Generating done
[0.150s] -- Build files have been written to: /home/devam/bumperbot_ws/build/bumperbot_description
[0.200s] Invoked command in '/home/devam/bumperbot_ws/build/bumperbot_description' returned '0': CMAKE_PREFIX_PATH=/opt/ros/humble /usr/bin/cmake /home/devam/bumperbot_ws/src/bumperbot_description -DCMAKE_INSTALL_PREFIX=/home/devam/bumperbot_ws/install/bumperbot_description
[0.202s] Invoking command in '/home/devam/bumperbot_ws/build/bumperbot_description': CMAKE_PREFIX_PATH=/opt/ros/humble /usr/bin/cmake --build /home/devam/bumperbot_ws/build/bumperbot_description -- -j24 -l24
[0.226s] Invoked command in '/home/devam/bumperbot_ws/build/bumperbot_description' returned '0': CMAKE_PREFIX_PATH=/opt/ros/humble /usr/bin/cmake --build /home/devam/bumperbot_ws/build/bumperbot_description -- -j24 -l24
[0.232s] Invoking command in '/home/devam/bumperbot_ws/build/bumperbot_description': CMAKE_PREFIX_PATH=/opt/ros/humble /usr/bin/cmake --install /home/devam/bumperbot_ws/build/bumperbot_description
[0.236s] -- Install configuration: ""
[0.236s] -- Execute custom install script
[0.236s] -- Up-to-date symlink: /home/devam/bumperbot_ws/install/bumperbot_description/share/bumperbot_description/meshes/base_link.STL
[0.236s] -- Up-to-date symlink: /home/devam/bumperbot_ws/install/bumperbot_description/share/bumperbot_description/meshes/can.STL
[0.237s] -- Up-to-date symlink: /home/devam/bumperbot_ws/install/bumperbot_description/share/bumperbot_description/meshes/caster_front_link.STL
[0.237s] -- Up-to-date symlink: /home/devam/bumperbot_ws/install/bumperbot_description/share/bumperbot_description/meshes/caster_rear_link.STL
[0.237s] -- Up-to-date symlink: /home/devam/bumperbot_ws/install/bumperbot_description/share/bumperbot_description/meshes/imu_link.STL
[0.237s] -- Up-to-date symlink: /home/devam/bumperbot_ws/install/bumperbot_description/share/bumperbot_description/meshes/wheel_left_link.STL
[0.237s] -- Up-to-date symlink: /home/devam/bumperbot_ws/install/bumperbot_description/share/bumperbot_description/meshes/wheel_right_link.STL
[0.237s] -- Up-to-date symlink: /home/devam/bumperbot_ws/install/bumperbot_description/share/bumperbot_description/urdf/bumperbot.urdf.xacro
[0.237s] -- Symlinking: /home/devam/bumperbot_ws/install/bumperbot_description/share/bumperbot_description/urdf/bumperbot_gazebo.xacro
[0.241s] -- Up-to-date symlink: /home/devam/bumperbot_ws/install/bumperbot_description/share/bumperbot_description/launch/display.launch.py
[0.242s] -- Symlinking: /home/devam/bumperbot_ws/install/bumperbot_description/share/bumperbot_description/launch/gazebo.launch.py
[0.247s] -- Up-to-date symlink: /home/devam/bumperbot_ws/install/bumperbot_description/share/bumperbot_description/rviz/display.rviz
[0.247s] -- Up-to-date symlink: /home/devam/bumperbot_ws/install/bumperbot_description/share/ament_index/resource_index/package_run_dependencies/bumperbot_description
[0.247s] -- Up-to-date symlink: /home/devam/bumperbot_ws/install/bumperbot_description/share/ament_index/resource_index/parent_prefix_path/bumperbot_description
[0.247s] -- Up-to-date symlink: /home/devam/bumperbot_ws/install/bumperbot_description/share/bumperbot_description/environment/ament_prefix_path.sh
[0.247s] -- Up-to-date symlink: /home/devam/bumperbot_ws/install/bumperbot_description/share/bumperbot_description/environment/ament_prefix_path.dsv
[0.247s] -- Up-to-date symlink: /home/devam/bumperbot_ws/install/bumperbot_description/share/bumperbot_description/environment/path.sh
[0.247s] -- Up-to-date symlink: /home/devam/bumperbot_ws/install/bumperbot_description/share/bumperbot_description/environment/path.dsv
[0.247s] -- Up-to-date symlink: /home/devam/bumperbot_ws/install/bumperbot_description/share/bumperbot_description/local_setup.bash
[0.247s] -- Up-to-date symlink: /home/devam/bumperbot_ws/install/bumperbot_description/share/bumperbot_description/local_setup.sh
[0.247s] -- Up-to-date symlink: /home/devam/bumperbot_ws/install/bumperbot_description/share/bumperbot_description/local_setup.zsh
[0.247s] -- Up-to-date symlink: /home/devam/bumperbot_ws/install/bumperbot_description/share/bumperbot_description/local_setup.dsv
[0.247s] -- Symlinking: /home/devam/bumperbot_ws/install/bumperbot_description/share/bumperbot_description/package.dsv
[0.252s] -- Up-to-date symlink: /home/devam/bumperbot_ws/install/bumperbot_description/share/ament_index/resource_index/packages/bumperbot_description
[0.252s] -- Up-to-date symlink: /home/devam/bumperbot_ws/install/bumperbot_description/share/bumperbot_description/cmake/bumperbot_descriptionConfig.cmake
[0.252s] -- Up-to-date symlink: /home/devam/bumperbot_ws/install/bumperbot_description/share/bumperbot_description/cmake/bumperbot_descriptionConfig-version.cmake
[0.252s] -- Up-to-date symlink: /home/devam/bumperbot_ws/install/bumperbot_description/share/bumperbot_description/package.xml
[0.254s] Invoked command in '/home/devam/bumperbot_ws/build/bumperbot_description' returned '0': CMAKE_PREFIX_PATH=/opt/ros/humble /usr/bin/cmake --install /home/devam/bumperbot_ws/build/bumperbot_description
