[0.061s] Invoking command in '/home/devam/bumperbot_ws/build/bumperbot_cpp_examples': CMAKE_PREFIX_PATH=${CMAKE_PREFIX_PATH}:/home/devam/bumperbot_ws/install/bumperbot_py_examples:/opt/ros/humble /usr/bin/cmake --build /home/devam/bumperbot_ws/build/bumperbot_cpp_examples -- -j24 -l24
[0.093s] [35m[1mConsolidate compiler generated dependencies of target simple_tf_kinematics[0m
[0.100s] [ 16%] Built target twist_pubsub_cpp
[0.101s] [ 33%] Built target turtle_ref_pose
[0.104s] [ 50%] Built target twist_publisher_cpp
[0.105s] [ 66%] Built target simple_subscriber_cpp
[0.106s] [ 83%] Built target simple_publisher_cpp
[0.107s] [100%] Built target simple_tf_kinematics
[0.271s] Invoked command in '/home/devam/bumperbot_ws/build/bumperbot_cpp_examples' returned '0': CMAKE_PREFIX_PATH=${CMAKE_PREFIX_PATH}:/home/devam/bumperbot_ws/install/bumperbot_py_examples:/opt/ros/humble /usr/bin/cmake --build /home/devam/bumperbot_ws/build/bumperbot_cpp_examples -- -j24 -l24
[0.277s] Invoking command in '/home/devam/bumperbot_ws/build/bumperbot_cpp_examples': CMAKE_PREFIX_PATH=${CMAKE_PREFIX_PATH}:/home/devam/bumperbot_ws/install/bumperbot_py_examples:/opt/ros/humble /usr/bin/cmake --install /home/devam/bumperbot_ws/build/bumperbot_cpp_examples
[0.281s] -- Install configuration: ""
[0.281s] -- Up-to-date: /home/devam/bumperbot_ws/install/bumperbot_cpp_examples/include/include
[0.281s] -- Up-to-date: /home/devam/bumperbot_ws/install/bumperbot_cpp_examples/include/include/bumperbot_cpp_examples
[0.281s] -- Up-to-date: /home/devam/bumperbot_ws/install/bumperbot_cpp_examples/include/include/bumperbot_cpp_examples/simple_tf_kinematics.hpp
[0.281s] -- Up-to-date: /home/devam/bumperbot_ws/install/bumperbot_cpp_examples/include/include/bumperbot_cpp_examples/turtle_ref_pose.hpp
[0.282s] -- Up-to-date: /home/devam/bumperbot_ws/install/bumperbot_cpp_examples/lib/bumperbot_cpp_examples/simple_publisher_cpp
[0.282s] -- Up-to-date: /home/devam/bumperbot_ws/install/bumperbot_cpp_examples/lib/bumperbot_cpp_examples/simple_subscriber_cpp
[0.282s] -- Up-to-date: /home/devam/bumperbot_ws/install/bumperbot_cpp_examples/lib/bumperbot_cpp_examples/twist_publisher_cpp
[0.282s] -- Up-to-date: /home/devam/bumperbot_ws/install/bumperbot_cpp_examples/lib/bumperbot_cpp_examples/twist_pubsub_cpp
[0.282s] -- Up-to-date: /home/devam/bumperbot_ws/install/bumperbot_cpp_examples/lib/bumperbot_cpp_examples/turtle_ref_pose
[0.282s] -- Up-to-date: /home/devam/bumperbot_ws/install/bumperbot_cpp_examples/lib/bumperbot_cpp_examples/simple_tf_kinematics
[0.282s] -- Up-to-date: /home/devam/bumperbot_ws/install/bumperbot_cpp_examples/share/ament_index/resource_index/package_run_dependencies/bumperbot_cpp_examples
[0.282s] -- Up-to-date: /home/devam/bumperbot_ws/install/bumperbot_cpp_examples/share/ament_index/resource_index/parent_prefix_path/bumperbot_cpp_examples
[0.282s] -- Up-to-date: /home/devam/bumperbot_ws/install/bumperbot_cpp_examples/share/bumperbot_cpp_examples/environment/ament_prefix_path.sh
[0.282s] -- Up-to-date: /home/devam/bumperbot_ws/install/bumperbot_cpp_examples/share/bumperbot_cpp_examples/environment/ament_prefix_path.dsv
[0.282s] -- Up-to-date: /home/devam/bumperbot_ws/install/bumperbot_cpp_examples/share/bumperbot_cpp_examples/environment/path.sh
[0.282s] -- Up-to-date: /home/devam/bumperbot_ws/install/bumperbot_cpp_examples/share/bumperbot_cpp_examples/environment/path.dsv
[0.282s] -- Up-to-date: /home/devam/bumperbot_ws/install/bumperbot_cpp_examples/share/bumperbot_cpp_examples/local_setup.bash
[0.283s] -- Up-to-date: /home/devam/bumperbot_ws/install/bumperbot_cpp_examples/share/bumperbot_cpp_examples/local_setup.sh
[0.283s] -- Up-to-date: /home/devam/bumperbot_ws/install/bumperbot_cpp_examples/share/bumperbot_cpp_examples/local_setup.zsh
[0.283s] -- Up-to-date: /home/devam/bumperbot_ws/install/bumperbot_cpp_examples/share/bumperbot_cpp_examples/local_setup.dsv
[0.283s] -- Installing: /home/devam/bumperbot_ws/install/bumperbot_cpp_examples/share/bumperbot_cpp_examples/package.dsv
[0.284s] -- Up-to-date: /home/devam/bumperbot_ws/install/bumperbot_cpp_examples/share/ament_index/resource_index/packages/bumperbot_cpp_examples
[0.284s] -- Up-to-date: /home/devam/bumperbot_ws/install/bumperbot_cpp_examples/share/bumperbot_cpp_examples/cmake/bumperbot_cpp_examplesConfig.cmake
[0.284s] -- Up-to-date: /home/devam/bumperbot_ws/install/bumperbot_cpp_examples/share/bumperbot_cpp_examples/cmake/bumperbot_cpp_examplesConfig-version.cmake
[0.284s] -- Up-to-date: /home/devam/bumperbot_ws/install/bumperbot_cpp_examples/share/bumperbot_cpp_examples/package.xml
[0.285s] Invoked command in '/home/devam/bumperbot_ws/build/bumperbot_cpp_examples' returned '0': CMAKE_PREFIX_PATH=${CMAKE_PREFIX_PATH}:/home/devam/bumperbot_ws/install/bumperbot_py_examples:/opt/ros/humble /usr/bin/cmake --install /home/devam/bumperbot_ws/build/bumperbot_cpp_examples
