[0.010s] Invoking command in '/home/devam/bumperbot_ws/build/bumperbot_cpp_examples': CMAKE_PREFIX_PATH=${CMAKE_PREFIX_PATH}:/home/devam/bumperbot_ws/install/bumperbot_py_examples:/opt/ros/humble /usr/bin/cmake --build /home/devam/bumperbot_ws/build/bumperbot_cpp_examples -- -j24 -l24
[0.042s] [ 20%] Built target simple_subscriber_cpp
[0.043s] [ 40%] Built target twist_pubsub_cpp
[0.044s] [ 60%] Built target simple_publisher_cpp
[0.044s] [ 80%] Built target turtle_ref_pose
[0.046s] [100%] Built target twist_publisher_cpp
[0.203s] Invoked command in '/home/devam/bumperbot_ws/build/bumperbot_cpp_examples' returned '0': CMAKE_PREFIX_PATH=${CMAKE_PREFIX_PATH}:/home/devam/bumperbot_ws/install/bumperbot_py_examples:/opt/ros/humble /usr/bin/cmake --build /home/devam/bumperbot_ws/build/bumperbot_cpp_examples -- -j24 -l24
[0.204s] Invoking command in '/home/devam/bumperbot_ws/build/bumperbot_cpp_examples': CMAKE_PREFIX_PATH=${CMAKE_PREFIX_PATH}:/home/devam/bumperbot_ws/install/bumperbot_py_examples:/opt/ros/humble /usr/bin/cmake --install /home/devam/bumperbot_ws/build/bumperbot_cpp_examples
[0.209s] -- Install configuration: ""
[0.209s] -- Up-to-date: /home/devam/bumperbot_ws/install/bumperbot_cpp_examples/include/include
[0.209s] -- Up-to-date: /home/devam/bumperbot_ws/install/bumperbot_cpp_examples/include/include/bumperbot_cpp_examples
[0.209s] -- Up-to-date: /home/devam/bumperbot_ws/install/bumperbot_cpp_examples/include/include/bumperbot_cpp_examples/turtle_ref_pose.hpp
[0.209s] -- Up-to-date: /home/devam/bumperbot_ws/install/bumperbot_cpp_examples/lib/bumperbot_cpp_examples/simple_publisher_cpp
[0.210s] -- Up-to-date: /home/devam/bumperbot_ws/install/bumperbot_cpp_examples/lib/bumperbot_cpp_examples/simple_subscriber_cpp
[0.210s] -- Up-to-date: /home/devam/bumperbot_ws/install/bumperbot_cpp_examples/lib/bumperbot_cpp_examples/twist_publisher_cpp
[0.211s] -- Up-to-date: /home/devam/bumperbot_ws/install/bumperbot_cpp_examples/lib/bumperbot_cpp_examples/twist_pubsub_cpp
[0.211s] -- Up-to-date: /home/devam/bumperbot_ws/install/bumperbot_cpp_examples/lib/bumperbot_cpp_examples/turtle_ref_pose
[0.211s] -- Up-to-date: /home/devam/bumperbot_ws/install/bumperbot_cpp_examples/share/ament_index/resource_index/package_run_dependencies/bumperbot_cpp_examples
[0.211s] -- Up-to-date: /home/devam/bumperbot_ws/install/bumperbot_cpp_examples/share/ament_index/resource_index/parent_prefix_path/bumperbot_cpp_examples
[0.211s] -- Up-to-date: /home/devam/bumperbot_ws/install/bumperbot_cpp_examples/share/bumperbot_cpp_examples/environment/ament_prefix_path.sh
[0.211s] -- Up-to-date: /home/devam/bumperbot_ws/install/bumperbot_cpp_examples/share/bumperbot_cpp_examples/environment/ament_prefix_path.dsv
[0.211s] -- Up-to-date: /home/devam/bumperbot_ws/install/bumperbot_cpp_examples/share/bumperbot_cpp_examples/environment/path.sh
[0.211s] -- Up-to-date: /home/devam/bumperbot_ws/install/bumperbot_cpp_examples/share/bumperbot_cpp_examples/environment/path.dsv
[0.211s] -- Up-to-date: /home/devam/bumperbot_ws/install/bumperbot_cpp_examples/share/bumperbot_cpp_examples/local_setup.bash
[0.211s] -- Up-to-date: /home/devam/bumperbot_ws/install/bumperbot_cpp_examples/share/bumperbot_cpp_examples/local_setup.sh
[0.211s] -- Up-to-date: /home/devam/bumperbot_ws/install/bumperbot_cpp_examples/share/bumperbot_cpp_examples/local_setup.zsh
[0.211s] -- Up-to-date: /home/devam/bumperbot_ws/install/bumperbot_cpp_examples/share/bumperbot_cpp_examples/local_setup.dsv
[0.211s] -- Installing: /home/devam/bumperbot_ws/install/bumperbot_cpp_examples/share/bumperbot_cpp_examples/package.dsv
[0.211s] -- Up-to-date: /home/devam/bumperbot_ws/install/bumperbot_cpp_examples/share/ament_index/resource_index/packages/bumperbot_cpp_examples
[0.211s] -- Up-to-date: /home/devam/bumperbot_ws/install/bumperbot_cpp_examples/share/bumperbot_cpp_examples/cmake/bumperbot_cpp_examplesConfig.cmake
[0.211s] -- Up-to-date: /home/devam/bumperbot_ws/install/bumperbot_cpp_examples/share/bumperbot_cpp_examples/cmake/bumperbot_cpp_examplesConfig-version.cmake
[0.211s] -- Up-to-date: /home/devam/bumperbot_ws/install/bumperbot_cpp_examples/share/bumperbot_cpp_examples/package.xml
[0.218s] Invoked command in '/home/devam/bumperbot_ws/build/bumperbot_cpp_examples' returned '0': CMAKE_PREFIX_PATH=${CMAKE_PREFIX_PATH}:/home/devam/bumperbot_ws/install/bumperbot_py_examples:/opt/ros/humble /usr/bin/cmake --install /home/devam/bumperbot_ws/build/bumperbot_cpp_examples
