[0.008s] Invoking command in '/home/devam/bumperbot_ws/build/bumperbot_cpp_examples': CMAKE_PREFIX_PATH=${CMAKE_PREFIX_PATH}:/home/devam/bumperbot_ws/install/bumperbot_py_examples:/opt/ros/humble /usr/bin/cmake --build /home/devam/bumperbot_ws/build/bumperbot_cpp_examples -- -j24 -l24
[0.035s] [35m[1mConsolidate compiler generated dependencies of target simple_subscriber_cpp[0m
[0.047s] [ 50%] Built target simple_publisher_cpp
[0.047s] [ 75%] [32mBuilding CXX object CMakeFiles/simple_subscriber_cpp.dir/src/simple_subscriber.cpp.o[0m
[1.083s] In file included from [01m[K/opt/ros/humble/include/rclcpp/rclcpp/client.hpp:40[m[K,
[1.083s]                  from [01m[K/opt/ros/humble/include/rclcpp/rclcpp/callback_group.hpp:24[m[K,
[1.084s]                  from [01m[K/opt/ros/humble/include/rclcpp/rclcpp/any_executable.hpp:20[m[K,
[1.084s]                  from [01m[K/opt/ros/humble/include/rclcpp/rclcpp/memory_strategy.hpp:25[m[K,
[1.084s]                  from [01m[K/opt/ros/humble/include/rclcpp/rclcpp/memory_strategies.hpp:18[m[K,
[1.084s]                  from [01m[K/opt/ros/humble/include/rclcpp/rclcpp/executor_options.hpp:20[m[K,
[1.084s]                  from [01m[K/opt/ros/humble/include/rclcpp/rclcpp/executor.hpp:37[m[K,
[1.084s]                  from [01m[K/opt/ros/humble/include/rclcpp/rclcpp/executors/multi_threaded_executor.hpp:25[m[K,
[1.084s]                  from [01m[K/opt/ros/humble/include/rclcpp/rclcpp/executors.hpp:21[m[K,
[1.084s]                  from [01m[K/opt/ros/humble/include/rclcpp/rclcpp/rclcpp.hpp:155[m[K,
[1.084s]                  from [01m[K/home/devam/bumperbot_ws/src/bumperbot_cpp_examples/src/simple_subscriber.cpp:1[m[K:
[1.084s] [01m[K/home/devam/bumperbot_ws/src/bumperbot_cpp_examples/src/simple_subscriber.cpp:[m[K In member function ‘[01m[Kvoid SimpleSubscriber::msgCallback(const String&) const[m[K’:
[1.084s] [01m[K/home/devam/bumperbot_ws/src/bumperbot_cpp_examples/src/simple_subscriber.cpp:21:60:[m[K [01;31m[Kerror: [m[Kbase operand of ‘[01m[K->[m[K’ has non-pointer type ‘[01m[Kconst String[m[K’ {aka ‘[01m[Kconst std_msgs::msg::String_<std::allocator<void> >[m[K’}
[1.084s]    21 |             RCLCPP_INFO_STREAM(get_logger(),"I heard "<<msg[01;31m[K->[m[Kdata);
[1.084s]       |                                                            [01;31m[K^~[m[K
[2.142s] gmake[2]: *** [CMakeFiles/simple_subscriber_cpp.dir/build.make:76: CMakeFiles/simple_subscriber_cpp.dir/src/simple_subscriber.cpp.o] Error 1
[2.142s] gmake[1]: *** [CMakeFiles/Makefile2:165: CMakeFiles/simple_subscriber_cpp.dir/all] Error 2
[2.142s] gmake: *** [Makefile:146: all] Error 2
[2.144s] Invoked command in '/home/devam/bumperbot_ws/build/bumperbot_cpp_examples' returned '2': CMAKE_PREFIX_PATH=${CMAKE_PREFIX_PATH}:/home/devam/bumperbot_ws/install/bumperbot_py_examples:/opt/ros/humble /usr/bin/cmake --build /home/devam/bumperbot_ws/build/bumperbot_cpp_examples -- -j24 -l24
