[  9%] Built target bumperbot_msgs__rosidl_generator_c
[ 12%] Built target bumperbot_msgs__cpp
[ 12%] Built target ament_cmake_python_copy_bumperbot_msgs
[ 22%] Built target bumperbot_msgs__rosidl_typesupport_introspection_c
[ 32%] Built target bumperbot_msgs__rosidl_typesupport_fastrtps_c
[ 41%] Built target bumperbot_msgs__rosidl_typesupport_c
[ 58%] Built target bumperbot_msgs__rosidl_typesupport_cpp
[ 61%] Built target bumperbot_msgs__rosidl_typesupport_fastrtps_cpp
[ 70%] Built target bumperbot_msgs__rosidl_typesupport_introspection_cpp
[ 70%] Built target bumperbot_msgs
[ 74%] Built target bumperbot_msgs__py
[ 80%] Built target bumperbot_msgs__rosidl_generator_py
[ 87%] Built target bumperbot_msgs__rosidl_typesupport_c__pyext
[ 93%] Built target bumperbot_msgs__rosidl_typesupport_introspection_c__pyext
[100%] Built target bumperbot_msgs__rosidl_typesupport_fastrtps_c__pyext
running egg_info
writing bumperbot_msgs.egg-info/PKG-INFO
writing dependency_links to bumperbot_msgs.egg-info/dependency_links.txt
writing top-level names to bumperbot_msgs.egg-info/top_level.txt
reading manifest file 'bumperbot_msgs.egg-info/SOURCES.txt'
writing manifest file 'bumperbot_msgs.egg-info/SOURCES.txt'
[100%] Built target ament_cmake_python_build_bumperbot_msgs_egg
