[0.011s] Invoking command in '/home/devam/bumperbot_ws/build/bumperbot_msgs': CMAKE_PREFIX_PATH=${CMAKE_PREFIX_PATH}:/home/devam/bumperbot_ws/install/bumperbot_py_examples:/opt/ros/humble /usr/bin/cmake --build /home/devam/bumperbot_ws/build/bumperbot_msgs -- -j24 -l24
[0.042s] [  9%] Built target bumperbot_msgs__rosidl_generator_c
[0.044s] [ 12%] Built target bumperbot_msgs__cpp
[0.050s] [ 12%] Built target ament_cmake_python_copy_bumperbot_msgs
[0.053s] [ 22%] Built target bumperbot_msgs__rosidl_typesupport_introspection_c
[0.054s] [ 32%] Built target bumperbot_msgs__rosidl_typesupport_fastrtps_c
[0.055s] [ 41%] Built target bumperbot_msgs__rosidl_typesupport_c
[0.055s] [ 58%] Built target bumperbot_msgs__rosidl_typesupport_cpp
[0.056s] [ 61%] Built target bumperbot_msgs__rosidl_typesupport_fastrtps_cpp
[0.057s] [ 70%] Built target bumperbot_msgs__rosidl_typesupport_introspection_cpp
[0.071s] [ 70%] Built target bumperbot_msgs
[0.086s] [ 74%] Built target bumperbot_msgs__py
[0.102s] [ 80%] Built target bumperbot_msgs__rosidl_generator_py
[0.116s] [ 87%] Built target bumperbot_msgs__rosidl_typesupport_c__pyext
[0.117s] [ 93%] Built target bumperbot_msgs__rosidl_typesupport_introspection_c__pyext
[0.118s] [100%] Built target bumperbot_msgs__rosidl_typesupport_fastrtps_c__pyext
[0.239s] running egg_info
[0.247s] writing bumperbot_msgs.egg-info/PKG-INFO
[0.247s] writing dependency_links to bumperbot_msgs.egg-info/dependency_links.txt
[0.247s] writing top-level names to bumperbot_msgs.egg-info/top_level.txt
[0.274s] reading manifest file 'bumperbot_msgs.egg-info/SOURCES.txt'
[0.275s] writing manifest file 'bumperbot_msgs.egg-info/SOURCES.txt'
[0.297s] [100%] Built target ament_cmake_python_build_bumperbot_msgs_egg
