[0.009s] Invoking command in '/home/devam/bumperbot_ws/build/bumperbot_description': CMAKE_PREFIX_PATH=${CMAKE_PREFIX_PATH}:/home/devam/bumperbot_ws/install/bumperbot_py_examples:/opt/ros/humble /usr/bin/cmake --build /home/devam/bumperbot_ws/build/bumperbot_description -- -j24 -l24
[0.033s] -- Found ament_cmake: 1.3.11 (/opt/ros/humble/share/ament_cmake/cmake)
[0.108s] -- Found ament_lint_auto: 0.12.11 (/opt/ros/humble/share/ament_lint_auto/cmake)
[0.146s] -- Added test 'lint_cmake' to check CMake code style
[0.147s] -- Added test 'xmllint' to check XML markup files
[0.147s] -- Configuring done
[0.150s] -- Generating done
[0.151s] -- Build files have been written to: /home/devam/bumperbot_ws/build/bumperbot_description
[0.204s] Invoked command in '/home/devam/bumperbot_ws/build/bumperbot_description' returned '0': CMAKE_PREFIX_PATH=${CMAKE_PREFIX_PATH}:/home/devam/bumperbot_ws/install/bumperbot_py_examples:/opt/ros/humble /usr/bin/cmake --build /home/devam/bumperbot_ws/build/bumperbot_description -- -j24 -l24
[0.204s] Invoking command in '/home/devam/bumperbot_ws/build/bumperbot_description': CMAKE_PREFIX_PATH=${CMAKE_PREFIX_PATH}:/home/devam/bumperbot_ws/install/bumperbot_py_examples:/opt/ros/humble /usr/bin/cmake --install /home/devam/bumperbot_ws/build/bumperbot_description
[0.210s] -- Install configuration: ""
[0.210s] -- Installing: /home/devam/bumperbot_ws/install/bumperbot_description/share/bumperbot_description/meshes
[0.210s] -- Installing: /home/devam/bumperbot_ws/install/bumperbot_description/share/bumperbot_description/meshes/wheel_left_link.STL
[0.212s] -- Installing: /home/devam/bumperbot_ws/install/bumperbot_description/share/bumperbot_description/meshes/caster_front_link.STL
[0.213s] -- Installing: /home/devam/bumperbot_ws/install/bumperbot_description/share/bumperbot_description/meshes/imu_link.STL
[0.214s] -- Installing: /home/devam/bumperbot_ws/install/bumperbot_description/share/bumperbot_description/meshes/base_link.STL
[0.229s] -- Installing: /home/devam/bumperbot_ws/install/bumperbot_description/share/bumperbot_description/meshes/caster_rear_link.STL
[0.229s] -- Installing: /home/devam/bumperbot_ws/install/bumperbot_description/share/bumperbot_description/meshes/wheel_right_link.STL
[0.230s] -- Installing: /home/devam/bumperbot_ws/install/bumperbot_description/share/bumperbot_description/urdf
[0.230s] -- Installing: /home/devam/bumperbot_ws/install/bumperbot_description/share/bumperbot_description/urdf/bumperbot.urdf.xacro
[0.231s] -- Up-to-date: /home/devam/bumperbot_ws/install/bumperbot_description/share/ament_index/resource_index/package_run_dependencies/bumperbot_description
[0.231s] -- Installing: /home/devam/bumperbot_ws/install/bumperbot_description/share/ament_index/resource_index/parent_prefix_path/bumperbot_description
[0.231s] -- Up-to-date: /home/devam/bumperbot_ws/install/bumperbot_description/share/bumperbot_description/environment/ament_prefix_path.sh
[0.231s] -- Installing: /home/devam/bumperbot_ws/install/bumperbot_description/share/bumperbot_description/environment/ament_prefix_path.dsv
[0.231s] -- Up-to-date: /home/devam/bumperbot_ws/install/bumperbot_description/share/bumperbot_description/environment/path.sh
[0.231s] -- Installing: /home/devam/bumperbot_ws/install/bumperbot_description/share/bumperbot_description/environment/path.dsv
[0.231s] -- Up-to-date: /home/devam/bumperbot_ws/install/bumperbot_description/share/bumperbot_description/local_setup.bash
[0.231s] -- Up-to-date: /home/devam/bumperbot_ws/install/bumperbot_description/share/bumperbot_description/local_setup.sh
[0.231s] -- Up-to-date: /home/devam/bumperbot_ws/install/bumperbot_description/share/bumperbot_description/local_setup.zsh
[0.231s] -- Installing: /home/devam/bumperbot_ws/install/bumperbot_description/share/bumperbot_description/local_setup.dsv
[0.231s] -- Installing: /home/devam/bumperbot_ws/install/bumperbot_description/share/bumperbot_description/package.dsv
[0.231s] -- Up-to-date: /home/devam/bumperbot_ws/install/bumperbot_description/share/ament_index/resource_index/packages/bumperbot_description
[0.231s] -- Up-to-date: /home/devam/bumperbot_ws/install/bumperbot_description/share/bumperbot_description/cmake/bumperbot_descriptionConfig.cmake
[0.231s] -- Up-to-date: /home/devam/bumperbot_ws/install/bumperbot_description/share/bumperbot_description/cmake/bumperbot_descriptionConfig-version.cmake
[0.231s] -- Up-to-date: /home/devam/bumperbot_ws/install/bumperbot_description/share/bumperbot_description/package.xml
[0.232s] Invoked command in '/home/devam/bumperbot_ws/build/bumperbot_description' returned '0': CMAKE_PREFIX_PATH=${CMAKE_PREFIX_PATH}:/home/devam/bumperbot_ws/install/bumperbot_py_examples:/opt/ros/humble /usr/bin/cmake --install /home/devam/bumperbot_ws/build/bumperbot_description
