[0.010s] Invoking command in '/home/devam/bumperbot_ws/build/bumperbot_description': CMAKE_PREFIX_PATH=${CMAKE_PREFIX_PATH}:/home/devam/bumperbot_ws/install/bumperbot_py_examples:/opt/ros/humble /usr/bin/cmake --build /home/devam/bumperbot_ws/build/bumperbot_description -- -j24 -l24
[0.031s] -- Found ament_cmake: 1.3.11 (/opt/ros/humble/share/ament_cmake/cmake)
[0.102s] -- Override CMake install command with custom implementation using symlinks instead of copying resources
[0.111s] -- Found ament_lint_auto: 0.12.11 (/opt/ros/humble/share/ament_lint_auto/cmake)
[0.152s] -- Added test 'flake8' to check Python code syntax and style conventions
[0.152s] -- Added test 'lint_cmake' to check CMake code style
[0.152s] -- Added test 'pep257' to check Python code against some of the docstring style conventions in PEP 257
[0.153s] -- Added test 'xmllint' to check XML markup files
[0.153s] -- Configuring done
[0.156s] -- Generating done
[0.157s] -- Build files have been written to: /home/devam/bumperbot_ws/build/bumperbot_description
[0.212s] Invoked command in '/home/devam/bumperbot_ws/build/bumperbot_description' returned '0': CMAKE_PREFIX_PATH=${CMAKE_PREFIX_PATH}:/home/devam/bumperbot_ws/install/bumperbot_py_examples:/opt/ros/humble /usr/bin/cmake --build /home/devam/bumperbot_ws/build/bumperbot_description -- -j24 -l24
[0.213s] Invoking command in '/home/devam/bumperbot_ws/build/bumperbot_description': CMAKE_PREFIX_PATH=${CMAKE_PREFIX_PATH}:/home/devam/bumperbot_ws/install/bumperbot_py_examples:/opt/ros/humble /usr/bin/cmake --install /home/devam/bumperbot_ws/build/bumperbot_description
[0.219s] -- Install configuration: ""
[0.219s] -- Execute custom install script
[0.219s] -- Up-to-date symlink: /home/devam/bumperbot_ws/install/bumperbot_description/share/bumperbot_description/meshes/base_link.STL
[0.219s] -- Up-to-date symlink: /home/devam/bumperbot_ws/install/bumperbot_description/share/bumperbot_description/meshes/can.STL
[0.219s] -- Up-to-date symlink: /home/devam/bumperbot_ws/install/bumperbot_description/share/bumperbot_description/meshes/caster_front_link.STL
[0.219s] -- Up-to-date symlink: /home/devam/bumperbot_ws/install/bumperbot_description/share/bumperbot_description/meshes/caster_rear_link.STL
[0.220s] -- Up-to-date symlink: /home/devam/bumperbot_ws/install/bumperbot_description/share/bumperbot_description/meshes/imu_link.STL
[0.220s] -- Up-to-date symlink: /home/devam/bumperbot_ws/install/bumperbot_description/share/bumperbot_description/meshes/wheel_left_link.STL
[0.220s] -- Up-to-date symlink: /home/devam/bumperbot_ws/install/bumperbot_description/share/bumperbot_description/meshes/wheel_right_link.STL
[0.220s] -- Up-to-date symlink: /home/devam/bumperbot_ws/install/bumperbot_description/share/bumperbot_description/urdf/bumperbot.urdf.xacro
[0.220s] -- Up-to-date symlink: /home/devam/bumperbot_ws/install/bumperbot_description/share/bumperbot_description/urdf/bumperbot_gazebo.xacro
[0.220s] -- Symlinking: /home/devam/bumperbot_ws/install/bumperbot_description/share/bumperbot_description/urdf/bumperbot_ros2_control.xacro
[0.227s] -- Up-to-date symlink: /home/devam/bumperbot_ws/install/bumperbot_description/share/bumperbot_description/launch/display.launch.py
[0.227s] -- Up-to-date symlink: /home/devam/bumperbot_ws/install/bumperbot_description/share/bumperbot_description/launch/gazebo.launch.py
[0.227s] -- Up-to-date symlink: /home/devam/bumperbot_ws/install/bumperbot_description/share/bumperbot_description/rviz/display.rviz
[0.227s] -- Up-to-date symlink: /home/devam/bumperbot_ws/install/bumperbot_description/share/ament_index/resource_index/package_run_dependencies/bumperbot_description
[0.227s] -- Up-to-date symlink: /home/devam/bumperbot_ws/install/bumperbot_description/share/ament_index/resource_index/parent_prefix_path/bumperbot_description
[0.228s] -- Up-to-date symlink: /home/devam/bumperbot_ws/install/bumperbot_description/share/bumperbot_description/environment/ament_prefix_path.sh
[0.228s] -- Up-to-date symlink: /home/devam/bumperbot_ws/install/bumperbot_description/share/bumperbot_description/environment/ament_prefix_path.dsv
[0.228s] -- Up-to-date symlink: /home/devam/bumperbot_ws/install/bumperbot_description/share/bumperbot_description/environment/path.sh
[0.228s] -- Up-to-date symlink: /home/devam/bumperbot_ws/install/bumperbot_description/share/bumperbot_description/environment/path.dsv
[0.229s] -- Up-to-date symlink: /home/devam/bumperbot_ws/install/bumperbot_description/share/bumperbot_description/local_setup.bash
[0.229s] -- Up-to-date symlink: /home/devam/bumperbot_ws/install/bumperbot_description/share/bumperbot_description/local_setup.sh
[0.229s] -- Up-to-date symlink: /home/devam/bumperbot_ws/install/bumperbot_description/share/bumperbot_description/local_setup.zsh
[0.229s] -- Up-to-date symlink: /home/devam/bumperbot_ws/install/bumperbot_description/share/bumperbot_description/local_setup.dsv
[0.229s] -- Symlinking: /home/devam/bumperbot_ws/install/bumperbot_description/share/bumperbot_description/package.dsv
[0.233s] -- Up-to-date symlink: /home/devam/bumperbot_ws/install/bumperbot_description/share/ament_index/resource_index/packages/bumperbot_description
[0.233s] -- Up-to-date symlink: /home/devam/bumperbot_ws/install/bumperbot_description/share/bumperbot_description/cmake/bumperbot_descriptionConfig.cmake
[0.233s] -- Up-to-date symlink: /home/devam/bumperbot_ws/install/bumperbot_description/share/bumperbot_description/cmake/bumperbot_descriptionConfig-version.cmake
[0.233s] -- Up-to-date symlink: /home/devam/bumperbot_ws/install/bumperbot_description/share/bumperbot_description/package.xml
[0.237s] Invoked command in '/home/devam/bumperbot_ws/build/bumperbot_description' returned '0': CMAKE_PREFIX_PATH=${CMAKE_PREFIX_PATH}:/home/devam/bumperbot_ws/install/bumperbot_py_examples:/opt/ros/humble /usr/bin/cmake --install /home/devam/bumperbot_ws/build/bumperbot_description
