[0.016s] Invoking command in '/home/devam/bumperbot_ws/build/bumperbot_controller': CMAKE_PREFIX_PATH=${CMAKE_PREFIX_PATH}:/home/devam/bumperbot_ws/install/bumperbot_py_examples:/opt/ros/humble /usr/bin/cmake --build /home/devam/bumperbot_ws/build/bumperbot_controller -- -j24 -l24
[0.051s] [  0%] Built target ament_cmake_python_copy_bumperbot_controller
[0.052s] [ 50%] [32mBuilding CXX object CMakeFiles/simple_controller.dir/src/simple_controller.cpp.o[0m
[0.209s] In file included from [01m[K/home/devam/bumperbot_ws/src/bumperbot_controller/src/simple_controller.cpp:1[m[K:
[0.210s] [01m[K/home/devam/bumperbot_ws/src/bumperbot_controller/include/bumperbot_controller/simple_controller.hpp:8:10:[m[K [01;31m[Kfatal error: [m[Ksensor_msgs/msg/joint_state.hpp: No such file or directory
[0.210s]     8 | #include [01;31m[K<sensor_msgs/msg/joint_state.hpp>[m[K
[0.210s]       |          [01;31m[K^~~~~~~~~~~~~~~~~~~~~~~~~~~~~~~~~[m[K
[0.210s] compilation terminated.
[0.211s] gmake[2]: *** [CMakeFiles/simple_controller.dir/build.make:76: CMakeFiles/simple_controller.dir/src/simple_controller.cpp.o] Error 1
[0.211s] gmake[1]: *** [CMakeFiles/Makefile2:192: CMakeFiles/simple_controller.dir/all] Error 2
[0.211s] gmake[1]: *** Waiting for unfinished jobs....
[0.252s] running egg_info
[0.260s] writing bumperbot_controller.egg-info/PKG-INFO
[0.260s] writing dependency_links to bumperbot_controller.egg-info/dependency_links.txt
[0.260s] writing top-level names to bumperbot_controller.egg-info/top_level.txt
[0.292s] reading manifest file 'bumperbot_controller.egg-info/SOURCES.txt'
[0.292s] writing manifest file 'bumperbot_controller.egg-info/SOURCES.txt'
[0.318s] [ 50%] Built target ament_cmake_python_build_bumperbot_controller_egg
[0.319s] gmake: *** [Makefile:146: all] Error 2
[0.320s] Invoked command in '/home/devam/bumperbot_ws/build/bumperbot_controller' returned '2': CMAKE_PREFIX_PATH=${CMAKE_PREFIX_PATH}:/home/devam/bumperbot_ws/install/bumperbot_py_examples:/opt/ros/humble /usr/bin/cmake --build /home/devam/bumperbot_ws/build/bumperbot_controller -- -j24 -l24
