[0.014s] Invoking command in '/home/devam/bumperbot_ws/build/bumperbot_controller': CMAKE_PREFIX_PATH=${CMAKE_PREFIX_PATH}:/home/devam/bumperbot_ws/install/bumperbot_py_examples:/opt/ros/humble /usr/bin/cmake --build /home/devam/bumperbot_ws/build/bumperbot_controller -- -j24 -l24
[0.031s] -- Found ament_cmake: 1.3.11 (/opt/ros/humble/share/ament_cmake/cmake)
[0.109s] -- Found rclpy: 3.3.15 (/opt/ros/humble/share/rclpy/cmake)
[0.109s] -- Found std_msgs: 4.2.4 (/opt/ros/humble/share/std_msgs/cmake)
[0.126s] -- Found rosidl_generator_c: 3.1.6 (/opt/ros/humble/share/rosidl_generator_c/cmake)
[0.128s] -- Found rosidl_adapter: 3.1.6 (/opt/ros/humble/share/rosidl_adapter/cmake)
[0.131s] -- Found rosidl_generator_cpp: 3.1.6 (/opt/ros/humble/share/rosidl_generator_cpp/cmake)
[0.135s] -- Using all available rosidl_typesupport_c: rosidl_typesupport_fastrtps_c;rosidl_typesupport_introspection_c
[0.142s] -- Using all available rosidl_typesupport_cpp: rosidl_typesupport_fastrtps_cpp;rosidl_typesupport_introspection_cpp
[0.153s] -- Found geometry_msgs: 4.2.4 (/opt/ros/humble/share/geometry_msgs/cmake)
[0.159s] -- Found rclcpp: 16.0.11 (/opt/ros/humble/share/rclcpp/cmake)
[0.172s] -- Found rmw_implementation_cmake: 6.1.2 (/opt/ros/humble/share/rmw_implementation_cmake/cmake)
[0.173s] -- Found rmw_fastrtps_cpp: 6.2.7 (/opt/ros/humble/share/rmw_fastrtps_cpp/cmake)
[0.235s] -- Using RMW implementation 'rmw_fastrtps_cpp' as default
[0.254s] -- Found sensor_msgs: 4.2.4 (/opt/ros/humble/share/sensor_msgs/cmake)
[0.263s] -- Found nav_msgs: 4.2.4 (/opt/ros/humble/share/nav_msgs/cmake)
[0.271s] -- Found tf2: 0.25.9 (/opt/ros/humble/share/tf2/cmake)
[0.272s] -- Found tf2_ros: 0.25.9 (/opt/ros/humble/share/tf2_ros/cmake)
[0.347s] -- Found ament_lint_auto: 0.12.11 (/opt/ros/humble/share/ament_lint_auto/cmake)
[0.381s] -- Added test 'cppcheck' to perform static code analysis on C / C++ code
[0.382s] -- Configured cppcheck include dirs: /home/devam/bumperbot_ws/src/bumperbot_controller/include
[0.382s] -- Configured cppcheck exclude dirs and/or files: 
[0.382s] -- Added test 'flake8' to check Python code syntax and style conventions
[0.382s] -- Added test 'lint_cmake' to check CMake code style
[0.382s] -- Added test 'pep257' to check Python code against some of the docstring style conventions in PEP 257
[0.382s] -- Added test 'uncrustify' to check C / C++ code style
[0.383s] -- Configured uncrustify additional arguments: 
[0.383s] -- Added test 'xmllint' to check XML markup files
[0.383s] -- Configuring done
[0.385s] [31mCMake Error at CMakeLists.txt:38 (add_executable):
[0.385s]   Cannot find source file:
[0.385s] 
[0.385s]     src/noise_controller.cpp
[0.385s] 
[0.385s]   Tried extensions .c .C .c++ .cc .cpp .cxx .cu .mpp .m .M .mm .ixx .cppm .h
[0.385s]   .hh .h++ .hm .hpp .hxx .in .txx .f .F .for .f77 .f90 .f95 .f03 .hip .ispc
[0.385s] 
[0.385s] [0m
[0.385s] [31mCMake Error at CMakeLists.txt:38 (add_executable):
[0.385s]   No SOURCES given to target: noisy_controller
[0.385s] 
[0.385s] [0m
[0.385s] [0mCMake Generate step failed.  Build files cannot be regenerated correctly.[0m
[0.389s] gmake: *** [Makefile:295: cmake_check_build_system] Error 1
[0.391s] Invoked command in '/home/devam/bumperbot_ws/build/bumperbot_controller' returned '2': CMAKE_PREFIX_PATH=${CMAKE_PREFIX_PATH}:/home/devam/bumperbot_ws/install/bumperbot_py_examples:/opt/ros/humble /usr/bin/cmake --build /home/devam/bumperbot_ws/build/bumperbot_controller -- -j24 -l24
