[0.008s] Invoking command in '/home/devam/bumperbot_ws/build/bumperbot_cpp_examples': CMAKE_PREFIX_PATH=/opt/ros/humble /usr/bin/cmake /home/devam/bumperbot_ws/src/bumperbot_cpp_examples -DCMAKE_INSTALL_PREFIX=/home/devam/bumperbot_ws/install/bumperbot_cpp_examples
[0.044s] -- The C compiler identification is GNU 11.4.0
[0.077s] -- The CXX compiler identification is GNU 11.4.0
[0.083s] -- Detecting C compiler ABI info
[0.129s] -- Detecting C compiler ABI info - done
[0.133s] -- Check for working C compiler: /usr/bin/cc - skipped
[0.133s] -- Detecting C compile features
[0.133s] -- Detecting C compile features - done
[0.135s] -- Detecting CXX compiler ABI info
[0.186s] -- Detecting CXX compiler ABI info - done
[0.191s] -- Check for working CXX compiler: /usr/bin/c++ - skipped
[0.191s] -- Detecting CXX compile features
[0.191s] -- Detecting CXX compile features - done
[0.193s] -- Found ament_cmake: 1.3.11 (/opt/ros/humble/share/ament_cmake/cmake)
[0.555s] -- Found Python3: /usr/bin/python3 (found version "3.10.12") found components: Interpreter 
[0.614s] -- Found rclcpp: 16.0.11 (/opt/ros/humble/share/rclcpp/cmake)
[0.636s] -- Found rosidl_generator_c: 3.1.6 (/opt/ros/humble/share/rosidl_generator_c/cmake)
[0.639s] -- Found rosidl_adapter: 3.1.6 (/opt/ros/humble/share/rosidl_adapter/cmake)
[0.643s] -- Found rosidl_generator_cpp: 3.1.6 (/opt/ros/humble/share/rosidl_generator_cpp/cmake)
[0.650s] -- Using all available rosidl_typesupport_c: rosidl_typesupport_fastrtps_c;rosidl_typesupport_introspection_c
[0.658s] -- Using all available rosidl_typesupport_cpp: rosidl_typesupport_fastrtps_cpp;rosidl_typesupport_introspection_cpp
[0.681s] -- Found rmw_implementation_cmake: 6.1.2 (/opt/ros/humble/share/rmw_implementation_cmake/cmake)
[0.682s] -- Found rmw_fastrtps_cpp: 6.2.7 (/opt/ros/humble/share/rmw_fastrtps_cpp/cmake)
[0.735s] -- Found OpenSSL: /usr/lib/x86_64-linux-gnu/libcrypto.so (found version "3.0.2")  
[0.751s] -- Found FastRTPS: /opt/ros/humble/include  
[0.777s] -- Using RMW implementation 'rmw_fastrtps_cpp' as default
[0.782s] -- Looking for pthread.h
[0.830s] -- Looking for pthread.h - found
[0.830s] -- Performing Test CMAKE_HAVE_LIBC_PTHREAD
[0.875s] -- Performing Test CMAKE_HAVE_LIBC_PTHREAD - Success
[0.876s] -- Found Threads: TRUE  
[0.901s] -- Found geometry_msgs: 4.2.4 (/opt/ros/humble/share/geometry_msgs/cmake)
[0.908s] -- Found turtlesim: 1.4.2 (/opt/ros/humble/share/turtlesim/cmake)
[0.929s] -- Found ament_lint_auto: 0.12.11 (/opt/ros/humble/share/ament_lint_auto/cmake)
[0.969s] -- Added test 'cppcheck' to perform static code analysis on C / C++ code
[0.969s] -- Configured cppcheck include dirs: /home/devam/bumperbot_ws/src/bumperbot_cpp_examples/include
[0.969s] -- Configured cppcheck exclude dirs and/or files: 
[0.969s] -- Added test 'lint_cmake' to check CMake code style
[0.970s] -- Added test 'uncrustify' to check C / C++ code style
[0.970s] -- Configured uncrustify additional arguments: 
[0.970s] -- Added test 'xmllint' to check XML markup files
[0.971s] -- Configuring done
[0.980s] -- Generating done
[0.984s] -- Build files have been written to: /home/devam/bumperbot_ws/build/bumperbot_cpp_examples
[0.989s] Invoked command in '/home/devam/bumperbot_ws/build/bumperbot_cpp_examples' returned '0': CMAKE_PREFIX_PATH=/opt/ros/humble /usr/bin/cmake /home/devam/bumperbot_ws/src/bumperbot_cpp_examples -DCMAKE_INSTALL_PREFIX=/home/devam/bumperbot_ws/install/bumperbot_cpp_examples
[0.990s] Invoking command in '/home/devam/bumperbot_ws/build/bumperbot_cpp_examples': CMAKE_PREFIX_PATH=/opt/ros/humble /usr/bin/cmake --build /home/devam/bumperbot_ws/build/bumperbot_cpp_examples -- -j24 -l24
[1.019s] [ 10%] [32mBuilding CXX object CMakeFiles/turtle_ref_pose.dir/src/turtle_ref_pose.cpp.o[0m
[1.021s] [ 20%] [32mBuilding CXX object CMakeFiles/simple_publisher_cpp.dir/src/simple_publisher.cpp.o[0m
[1.022s] [ 30%] [32mBuilding CXX object CMakeFiles/twist_publisher_cpp.dir/src/twist_publisher.cpp.o[0m
[1.023s] [ 40%] [32mBuilding CXX object CMakeFiles/simple_subscriber_cpp.dir/src/simple_subscriber.cpp.o[0m
[1.023s] [ 50%] [32mBuilding CXX object CMakeFiles/twist_pubsub_cpp.dir/src/twist_pub_sub.cpp.o[0m
[3.130s] [ 60%] [32m[1mLinking CXX executable simple_publisher_cpp[0m
[3.231s] [ 60%] Built target simple_publisher_cpp
[3.371s] [ 70%] [32m[1mLinking CXX executable twist_publisher_cpp[0m
[3.478s] [ 70%] Built target twist_publisher_cpp
[5.088s] [ 80%] [32m[1mLinking CXX executable twist_pubsub_cpp[0m
[5.136s] [ 90%] [32m[1mLinking CXX executable turtle_ref_pose[0m
[5.198s] [100%] [32m[1mLinking CXX executable simple_subscriber_cpp[0m
[5.299s] [100%] Built target twist_pubsub_cpp
[5.346s] [100%] Built target turtle_ref_pose
[5.390s] [100%] Built target simple_subscriber_cpp
[5.398s] Invoked command in '/home/devam/bumperbot_ws/build/bumperbot_cpp_examples' returned '0': CMAKE_PREFIX_PATH=/opt/ros/humble /usr/bin/cmake --build /home/devam/bumperbot_ws/build/bumperbot_cpp_examples -- -j24 -l24
[5.399s] Invoking command in '/home/devam/bumperbot_ws/build/bumperbot_cpp_examples': CMAKE_PREFIX_PATH=/opt/ros/humble /usr/bin/cmake --install /home/devam/bumperbot_ws/build/bumperbot_cpp_examples
[5.405s] -- Install configuration: ""
[5.405s] -- Installing: /home/devam/bumperbot_ws/install/bumperbot_cpp_examples/include/include
[5.405s] -- Installing: /home/devam/bumperbot_ws/install/bumperbot_cpp_examples/include/include/bumperbot_cpp_examples
[5.405s] -- Installing: /home/devam/bumperbot_ws/install/bumperbot_cpp_examples/include/include/bumperbot_cpp_examples/turtle_ref_pose.hpp
[5.405s] -- Installing: /home/devam/bumperbot_ws/install/bumperbot_cpp_examples/lib/bumperbot_cpp_examples/simple_publisher_cpp
[5.405s] -- Set runtime path of "/home/devam/bumperbot_ws/install/bumperbot_cpp_examples/lib/bumperbot_cpp_examples/simple_publisher_cpp" to ""
[5.405s] -- Installing: /home/devam/bumperbot_ws/install/bumperbot_cpp_examples/lib/bumperbot_cpp_examples/simple_subscriber_cpp
[5.407s] -- Set runtime path of "/home/devam/bumperbot_ws/install/bumperbot_cpp_examples/lib/bumperbot_cpp_examples/simple_subscriber_cpp" to ""
[5.407s] -- Installing: /home/devam/bumperbot_ws/install/bumperbot_cpp_examples/lib/bumperbot_cpp_examples/twist_publisher_cpp
[5.407s] -- Set runtime path of "/home/devam/bumperbot_ws/install/bumperbot_cpp_examples/lib/bumperbot_cpp_examples/twist_publisher_cpp" to ""
[5.407s] -- Installing: /home/devam/bumperbot_ws/install/bumperbot_cpp_examples/lib/bumperbot_cpp_examples/twist_pubsub_cpp
[5.408s] -- Set runtime path of "/home/devam/bumperbot_ws/install/bumperbot_cpp_examples/lib/bumperbot_cpp_examples/twist_pubsub_cpp" to ""
[5.409s] -- Installing: /home/devam/bumperbot_ws/install/bumperbot_cpp_examples/lib/bumperbot_cpp_examples/turtle_ref_pose
[5.410s] -- Set runtime path of "/home/devam/bumperbot_ws/install/bumperbot_cpp_examples/lib/bumperbot_cpp_examples/turtle_ref_pose" to ""
[5.410s] -- Installing: /home/devam/bumperbot_ws/install/bumperbot_cpp_examples/share/ament_index/resource_index/package_run_dependencies/bumperbot_cpp_examples
[5.410s] -- Installing: /home/devam/bumperbot_ws/install/bumperbot_cpp_examples/share/ament_index/resource_index/parent_prefix_path/bumperbot_cpp_examples
[5.410s] -- Installing: /home/devam/bumperbot_ws/install/bumperbot_cpp_examples/share/bumperbot_cpp_examples/environment/ament_prefix_path.sh
[5.410s] -- Installing: /home/devam/bumperbot_ws/install/bumperbot_cpp_examples/share/bumperbot_cpp_examples/environment/ament_prefix_path.dsv
[5.410s] -- Installing: /home/devam/bumperbot_ws/install/bumperbot_cpp_examples/share/bumperbot_cpp_examples/environment/path.sh
[5.410s] -- Installing: /home/devam/bumperbot_ws/install/bumperbot_cpp_examples/share/bumperbot_cpp_examples/environment/path.dsv
[5.410s] -- Installing: /home/devam/bumperbot_ws/install/bumperbot_cpp_examples/share/bumperbot_cpp_examples/local_setup.bash
[5.410s] -- Installing: /home/devam/bumperbot_ws/install/bumperbot_cpp_examples/share/bumperbot_cpp_examples/local_setup.sh
[5.410s] -- Installing: /home/devam/bumperbot_ws/install/bumperbot_cpp_examples/share/bumperbot_cpp_examples/local_setup.zsh
[5.411s] -- Installing: /home/devam/bumperbot_ws/install/bumperbot_cpp_examples/share/bumperbot_cpp_examples/local_setup.dsv
[5.411s] -- Installing: /home/devam/bumperbot_ws/install/bumperbot_cpp_examples/share/bumperbot_cpp_examples/package.dsv
[5.411s] -- Installing: /home/devam/bumperbot_ws/install/bumperbot_cpp_examples/share/ament_index/resource_index/packages/bumperbot_cpp_examples
[5.411s] -- Installing: /home/devam/bumperbot_ws/install/bumperbot_cpp_examples/share/bumperbot_cpp_examples/cmake/bumperbot_cpp_examplesConfig.cmake
[5.411s] -- Installing: /home/devam/bumperbot_ws/install/bumperbot_cpp_examples/share/bumperbot_cpp_examples/cmake/bumperbot_cpp_examplesConfig-version.cmake
[5.411s] -- Installing: /home/devam/bumperbot_ws/install/bumperbot_cpp_examples/share/bumperbot_cpp_examples/package.xml
[5.412s] Invoked command in '/home/devam/bumperbot_ws/build/bumperbot_cpp_examples' returned '0': CMAKE_PREFIX_PATH=/opt/ros/humble /usr/bin/cmake --install /home/devam/bumperbot_ws/build/bumperbot_cpp_examples
