[0.566s] Invoking command in '/home/devam/bumperbot_ws/src/bumperbot_py_examples': PYTHONPATH=/home/devam/bumperbot_ws/build/bumperbot_py_examples/prefix_override:/usr/lib/python3/dist-packages/colcon_core/task/python/colcon_distutils_commands:/home/devam/bumperbot_ws/install/bumperbot_py_examples/lib/python3.10/site-packages:${PYTHONPATH} /usr/bin/python3 -W ignore:setup.py install is deprecated -W ignore:easy_install command is deprecated setup.py egg_info --egg-base ../../build/bumperbot_py_examples build --build-base /home/devam/bumperbot_ws/build/bumperbot_py_examples/build install --record /home/devam/bumperbot_ws/build/bumperbot_py_examples/install.log --single-version-externally-managed install_data
[0.770s] running egg_info
[0.771s] creating ../../build/bumperbot_py_examples/bumperbot_py_examples.egg-info
[0.779s] writing ../../build/bumperbot_py_examples/bumperbot_py_examples.egg-info/PKG-INFO
[0.780s] writing dependency_links to ../../build/bumperbot_py_examples/bumperbot_py_examples.egg-info/dependency_links.txt
[0.780s] writing entry points to ../../build/bumperbot_py_examples/bumperbot_py_examples.egg-info/entry_points.txt
[0.780s] writing requirements to ../../build/bumperbot_py_examples/bumperbot_py_examples.egg-info/requires.txt
[0.780s] writing top-level names to ../../build/bumperbot_py_examples/bumperbot_py_examples.egg-info/top_level.txt
[0.780s] writing manifest file '../../build/bumperbot_py_examples/bumperbot_py_examples.egg-info/SOURCES.txt'
[0.797s] reading manifest file '../../build/bumperbot_py_examples/bumperbot_py_examples.egg-info/SOURCES.txt'
[0.798s] writing manifest file '../../build/bumperbot_py_examples/bumperbot_py_examples.egg-info/SOURCES.txt'
[0.798s] running build
[0.798s] running build_py
[0.798s] creating /home/devam/bumperbot_ws/build/bumperbot_py_examples/build
[0.798s] creating /home/devam/bumperbot_ws/build/bumperbot_py_examples/build/lib
[0.798s] creating /home/devam/bumperbot_ws/build/bumperbot_py_examples/build/lib/bumperbot_py_examples
[0.798s] copying bumperbot_py_examples/twist_subscriber.py -> /home/devam/bumperbot_ws/build/bumperbot_py_examples/build/lib/bumperbot_py_examples
[0.798s] copying bumperbot_py_examples/__init__.py -> /home/devam/bumperbot_ws/build/bumperbot_py_examples/build/lib/bumperbot_py_examples
[0.798s] copying bumperbot_py_examples/turtlesim_reference_pose_measurement.py -> /home/devam/bumperbot_ws/build/bumperbot_py_examples/build/lib/bumperbot_py_examples
[0.798s] copying bumperbot_py_examples/simple_subscriber.py -> /home/devam/bumperbot_ws/build/bumperbot_py_examples/build/lib/bumperbot_py_examples
[0.798s] copying bumperbot_py_examples/simple_publisher.py -> /home/devam/bumperbot_ws/build/bumperbot_py_examples/build/lib/bumperbot_py_examples
[0.798s] running install
[0.801s] running install_lib
[0.813s] creating /home/devam/bumperbot_ws/install/bumperbot_py_examples/lib/python3.10/site-packages/bumperbot_py_examples
[0.813s] copying /home/devam/bumperbot_ws/build/bumperbot_py_examples/build/lib/bumperbot_py_examples/twist_subscriber.py -> /home/devam/bumperbot_ws/install/bumperbot_py_examples/lib/python3.10/site-packages/bumperbot_py_examples
[0.813s] copying /home/devam/bumperbot_ws/build/bumperbot_py_examples/build/lib/bumperbot_py_examples/__init__.py -> /home/devam/bumperbot_ws/install/bumperbot_py_examples/lib/python3.10/site-packages/bumperbot_py_examples
[0.813s] copying /home/devam/bumperbot_ws/build/bumperbot_py_examples/build/lib/bumperbot_py_examples/turtlesim_reference_pose_measurement.py -> /home/devam/bumperbot_ws/install/bumperbot_py_examples/lib/python3.10/site-packages/bumperbot_py_examples
[0.813s] copying /home/devam/bumperbot_ws/build/bumperbot_py_examples/build/lib/bumperbot_py_examples/simple_subscriber.py -> /home/devam/bumperbot_ws/install/bumperbot_py_examples/lib/python3.10/site-packages/bumperbot_py_examples
[0.813s] copying /home/devam/bumperbot_ws/build/bumperbot_py_examples/build/lib/bumperbot_py_examples/simple_publisher.py -> /home/devam/bumperbot_ws/install/bumperbot_py_examples/lib/python3.10/site-packages/bumperbot_py_examples
[0.813s] byte-compiling /home/devam/bumperbot_ws/install/bumperbot_py_examples/lib/python3.10/site-packages/bumperbot_py_examples/twist_subscriber.py to twist_subscriber.cpython-310.pyc
[0.813s] byte-compiling /home/devam/bumperbot_ws/install/bumperbot_py_examples/lib/python3.10/site-packages/bumperbot_py_examples/__init__.py to __init__.cpython-310.pyc
[0.813s] byte-compiling /home/devam/bumperbot_ws/install/bumperbot_py_examples/lib/python3.10/site-packages/bumperbot_py_examples/turtlesim_reference_pose_measurement.py to turtlesim_reference_pose_measurement.cpython-310.pyc
[0.814s] byte-compiling /home/devam/bumperbot_ws/install/bumperbot_py_examples/lib/python3.10/site-packages/bumperbot_py_examples/simple_subscriber.py to simple_subscriber.cpython-310.pyc
[0.814s] byte-compiling /home/devam/bumperbot_ws/install/bumperbot_py_examples/lib/python3.10/site-packages/bumperbot_py_examples/simple_publisher.py to simple_publisher.cpython-310.pyc
[0.814s] running install_data
[0.814s] creating /home/devam/bumperbot_ws/install/bumperbot_py_examples/share/ament_index
[0.814s] creating /home/devam/bumperbot_ws/install/bumperbot_py_examples/share/ament_index/resource_index
[0.814s] creating /home/devam/bumperbot_ws/install/bumperbot_py_examples/share/ament_index/resource_index/packages
[0.814s] copying resource/bumperbot_py_examples -> /home/devam/bumperbot_ws/install/bumperbot_py_examples/share/ament_index/resource_index/packages
[0.814s] copying package.xml -> /home/devam/bumperbot_ws/install/bumperbot_py_examples/share/bumperbot_py_examples
[0.814s] running install_egg_info
[0.822s] Copying ../../build/bumperbot_py_examples/bumperbot_py_examples.egg-info to /home/devam/bumperbot_ws/install/bumperbot_py_examples/lib/python3.10/site-packages/bumperbot_py_examples-0.0.0-py3.10.egg-info
[0.823s] running install_scripts
[0.860s] Installing simple_publisher script to /home/devam/bumperbot_ws/install/bumperbot_py_examples/lib/bumperbot_py_examples
[0.860s] Installing simple_subscriber script to /home/devam/bumperbot_ws/install/bumperbot_py_examples/lib/bumperbot_py_examples
[0.860s] Installing turtlesim_reference_pose_measurement script to /home/devam/bumperbot_ws/install/bumperbot_py_examples/lib/bumperbot_py_examples
[0.860s] Installing twist_subscriber script to /home/devam/bumperbot_ws/install/bumperbot_py_examples/lib/bumperbot_py_examples
[0.860s] writing list of installed files to '/home/devam/bumperbot_ws/build/bumperbot_py_examples/install.log'
[0.883s] Invoked command in '/home/devam/bumperbot_ws/src/bumperbot_py_examples' returned '0': PYTHONPATH=/home/devam/bumperbot_ws/build/bumperbot_py_examples/prefix_override:/usr/lib/python3/dist-packages/colcon_core/task/python/colcon_distutils_commands:/home/devam/bumperbot_ws/install/bumperbot_py_examples/lib/python3.10/site-packages:${PYTHONPATH} /usr/bin/python3 -W ignore:setup.py install is deprecated -W ignore:easy_install command is deprecated setup.py egg_info --egg-base ../../build/bumperbot_py_examples build --build-base /home/devam/bumperbot_ws/build/bumperbot_py_examples/build install --record /home/devam/bumperbot_ws/build/bumperbot_py_examples/install.log --single-version-externally-managed install_data
