[0.412s] Invoking command in '/home/devam/bumperbot_ws/src/bumperbot_py_examples': PYTHONPATH=/home/devam/bumperbot_ws/build/bumperbot_py_examples/prefix_override:/usr/lib/python3/dist-packages/colcon_core/task/python/colcon_distutils_commands:/home/devam/bumperbot_ws/install/bumperbot_py_examples/lib/python3.10/site-packages:${PYTHONPATH} /usr/bin/python3 -W ignore:setup.py install is deprecated -W ignore:easy_install command is deprecated setup.py egg_info --egg-base ../../build/bumperbot_py_examples build --build-base /home/devam/bumperbot_ws/build/bumperbot_py_examples/build install --record /home/devam/bumperbot_ws/build/bumperbot_py_examples/install.log --single-version-externally-managed install_data
[0.492s] /home/devam/.local/lib/python3.10/site-packages/setuptools/_distutils/dist.py:261: UserWarning: Unknown distribution option: 'tests_require'
[0.492s]   warnings.warn(msg)
[0.535s] running egg_info
[0.543s] writing ../../build/bumperbot_py_examples/bumperbot_py_examples.egg-info/PKG-INFO
[0.543s] writing dependency_links to ../../build/bumperbot_py_examples/bumperbot_py_examples.egg-info/dependency_links.txt
[0.543s] writing entry points to ../../build/bumperbot_py_examples/bumperbot_py_examples.egg-info/entry_points.txt
[0.543s] writing requirements to ../../build/bumperbot_py_examples/bumperbot_py_examples.egg-info/requires.txt
[0.543s] writing top-level names to ../../build/bumperbot_py_examples/bumperbot_py_examples.egg-info/top_level.txt
[0.559s] reading manifest file '../../build/bumperbot_py_examples/bumperbot_py_examples.egg-info/SOURCES.txt'
[0.559s] Traceback (most recent call last):
[0.559s]   File "/home/devam/bumperbot_ws/src/bumperbot_py_examples/setup.py", line 5, in <module>
[0.559s]     setup(
[0.559s]   File "/home/devam/.local/lib/python3.10/site-packages/setuptools/__init__.py", line 117, in setup
[0.559s]     return distutils.core.setup(**attrs)
[0.559s]   File "/home/devam/.local/lib/python3.10/site-packages/setuptools/_distutils/core.py", line 183, in setup
[0.559s]     return run_commands(dist)
[0.559s]   File "/home/devam/.local/lib/python3.10/site-packages/setuptools/_distutils/core.py", line 199, in run_commands
[0.559s]     dist.run_commands()
[0.559s]   File "/home/devam/.local/lib/python3.10/site-packages/setuptools/_distutils/dist.py", line 954, in run_commands
[0.559s]     self.run_command(cmd)
[0.559s]   File "/home/devam/.local/lib/python3.10/site-packages/setuptools/dist.py", line 995, in run_command
[0.560s]     super().run_command(command)
[0.560s]   File "/home/devam/.local/lib/python3.10/site-packages/setuptools/_distutils/dist.py", line 973, in run_command
[0.560s]     cmd_obj.run()
[0.560s]   File "/home/devam/.local/lib/python3.10/site-packages/setuptools/command/egg_info.py", line 313, in run
[0.560s]     self.find_sources()
[0.560s]   File "/home/devam/.local/lib/python3.10/site-packages/setuptools/command/egg_info.py", line 321, in find_sources
[0.560s]     mm.run()
[0.560s]   File "/home/devam/.local/lib/python3.10/site-packages/setuptools/command/egg_info.py", line 549, in run
[0.560s]     self.prune_file_list()
[0.560s]   File "/home/devam/.local/lib/python3.10/site-packages/setuptools/command/sdist.py", line 162, in prune_file_list
[0.560s]     super().prune_file_list()
[0.560s]   File "/home/devam/.local/lib/python3.10/site-packages/setuptools/_distutils/command/sdist.py", line 380, in prune_file_list
[0.560s]     base_dir = self.distribution.get_fullname()
[0.560s]   File "/home/devam/.local/lib/python3.10/site-packages/setuptools/_core_metadata.py", line 267, in get_fullname
[0.560s]     return _distribution_fullname(self.get_name(), self.get_version())
[0.560s]   File "/home/devam/.local/lib/python3.10/site-packages/setuptools/_core_metadata.py", line 285, in _distribution_fullname
[0.560s]     canonicalize_version(version, strip_trailing_zero=False),
[0.560s] TypeError: canonicalize_version() got an unexpected keyword argument 'strip_trailing_zero'
[0.570s] Invoked command in '/home/devam/bumperbot_ws/src/bumperbot_py_examples' returned '1': PYTHONPATH=/home/devam/bumperbot_ws/build/bumperbot_py_examples/prefix_override:/usr/lib/python3/dist-packages/colcon_core/task/python/colcon_distutils_commands:/home/devam/bumperbot_ws/install/bumperbot_py_examples/lib/python3.10/site-packages:${PYTHONPATH} /usr/bin/python3 -W ignore:setup.py install is deprecated -W ignore:easy_install command is deprecated setup.py egg_info --egg-base ../../build/bumperbot_py_examples build --build-base /home/devam/bumperbot_ws/build/bumperbot_py_examples/build install --record /home/devam/bumperbot_ws/build/bumperbot_py_examples/install.log --single-version-externally-managed install_data
