[0.537s] Invoking command in '/home/devam/bumperbot_ws/build/bumperbot_py_examples': PYTHONPATH=/home/devam/bumperbot_ws/build/bumperbot_py_examples/prefix_override:/usr/lib/python3/dist-packages/colcon_core/task/python/colcon_distutils_commands:/home/devam/bumperbot_ws/install/bumperbot_py_examples/lib/python3.10/site-packages:${PYTHONPATH} /usr/bin/python3 -W ignore:setup.py install is deprecated -W ignore:easy_install command is deprecated setup.py develop --editable --build-directory /home/devam/bumperbot_ws/build/bumperbot_py_examples/build --no-deps symlink_data --force
[0.739s] running develop
[0.868s] running egg_info
[0.875s] writing bumperbot_py_examples.egg-info/PKG-INFO
[0.876s] writing dependency_links to bumperbot_py_examples.egg-info/dependency_links.txt
[0.876s] writing entry points to bumperbot_py_examples.egg-info/entry_points.txt
[0.876s] writing requirements to bumperbot_py_examples.egg-info/requires.txt
[0.876s] writing top-level names to bumperbot_py_examples.egg-info/top_level.txt
[0.891s] reading manifest file 'bumperbot_py_examples.egg-info/SOURCES.txt'
[0.892s] writing manifest file 'bumperbot_py_examples.egg-info/SOURCES.txt'
[0.900s] running build_ext
[0.900s] Creating /home/devam/bumperbot_ws/install/bumperbot_py_examples/lib/python3.10/site-packages/bumperbot-py-examples.egg-link (link to .)
[0.900s] Installing simple_publisher script to /home/devam/bumperbot_ws/install/bumperbot_py_examples/lib/bumperbot_py_examples
[0.900s] Installing simple_subscriber script to /home/devam/bumperbot_ws/install/bumperbot_py_examples/lib/bumperbot_py_examples
[0.900s] 
[0.900s] Installed /home/devam/bumperbot_ws/build/bumperbot_py_examples
[0.900s] running symlink_data
[0.900s] symbolically linking /home/devam/bumperbot_ws/build/bumperbot_py_examples/resource/bumperbot_py_examples -> /home/devam/bumperbot_ws/install/bumperbot_py_examples/share/ament_index/resource_index/packages
[0.900s] symbolically linking /home/devam/bumperbot_ws/build/bumperbot_py_examples/package.xml -> /home/devam/bumperbot_ws/install/bumperbot_py_examples/share/bumperbot_py_examples
[0.924s] Invoked command in '/home/devam/bumperbot_ws/build/bumperbot_py_examples' returned '0': PYTHONPATH=/home/devam/bumperbot_ws/build/bumperbot_py_examples/prefix_override:/usr/lib/python3/dist-packages/colcon_core/task/python/colcon_distutils_commands:/home/devam/bumperbot_ws/install/bumperbot_py_examples/lib/python3.10/site-packages:${PYTHONPATH} /usr/bin/python3 -W ignore:setup.py install is deprecated -W ignore:easy_install command is deprecated setup.py develop --editable --build-directory /home/devam/bumperbot_ws/build/bumperbot_py_examples/build --no-deps symlink_data --force
