[0.560s] Invoking command in '/home/devam/bumperbot_ws/build/bumperbot_py_examples': PYTHONPATH=/home/devam/bumperbot_ws/build/bumperbot_py_examples/prefix_override:/usr/lib/python3/dist-packages/colcon_core/task/python/colcon_distutils_commands:/home/devam/bumperbot_ws/install/bumperbot_py_examples/lib/python3.10/site-packages:${PYTHONPATH} /usr/bin/python3 -W ignore:setup.py install is deprecated -W ignore:easy_install command is deprecated setup.py develop --uninstall --editable --build-directory /home/devam/bumperbot_ws/build/bumperbot_py_examples/build
[0.740s] running develop
[0.867s] Removing /home/devam/bumperbot_ws/install/bumperbot_py_examples/lib/python3.10/site-packages/bumperbot-py-examples.egg-link (link to .)
[0.893s] Invoked command in '/home/devam/bumperbot_ws/build/bumperbot_py_examples' returned '0': PYTHONPATH=/home/devam/bumperbot_ws/build/bumperbot_py_examples/prefix_override:/usr/lib/python3/dist-packages/colcon_core/task/python/colcon_distutils_commands:/home/devam/bumperbot_ws/install/bumperbot_py_examples/lib/python3.10/site-packages:${PYTHONPATH} /usr/bin/python3 -W ignore:setup.py install is deprecated -W ignore:easy_install command is deprecated setup.py develop --uninstall --editable --build-directory /home/devam/bumperbot_ws/build/bumperbot_py_examples/build
[0.894s] Invoking command in '/home/devam/bumperbot_ws/src/bumperbot_py_examples': PYTHONPATH=/home/devam/bumperbot_ws/build/bumperbot_py_examples/prefix_override:/usr/lib/python3/dist-packages/colcon_core/task/python/colcon_distutils_commands:/home/devam/bumperbot_ws/install/bumperbot_py_examples/lib/python3.10/site-packages:${PYTHONPATH} /usr/bin/python3 -W ignore:setup.py install is deprecated -W ignore:easy_install command is deprecated setup.py egg_info --egg-base ../../build/bumperbot_py_examples build --build-base /home/devam/bumperbot_ws/build/bumperbot_py_examples/build install --record /home/devam/bumperbot_ws/build/bumperbot_py_examples/install.log --single-version-externally-managed install_data --force
[1.096s] running egg_info
[1.103s] writing ../../build/bumperbot_py_examples/bumperbot_py_examples.egg-info/PKG-INFO
[1.103s] writing dependency_links to ../../build/bumperbot_py_examples/bumperbot_py_examples.egg-info/dependency_links.txt
[1.103s] writing entry points to ../../build/bumperbot_py_examples/bumperbot_py_examples.egg-info/entry_points.txt
[1.103s] writing requirements to ../../build/bumperbot_py_examples/bumperbot_py_examples.egg-info/requires.txt
[1.103s] writing top-level names to ../../build/bumperbot_py_examples/bumperbot_py_examples.egg-info/top_level.txt
[1.118s] reading manifest file '../../build/bumperbot_py_examples/bumperbot_py_examples.egg-info/SOURCES.txt'
[1.119s] writing manifest file '../../build/bumperbot_py_examples/bumperbot_py_examples.egg-info/SOURCES.txt'
[1.119s] running build
[1.119s] running build_py
[1.119s] running install
[1.122s] running install_lib
[1.129s] creating /home/devam/bumperbot_ws/install/bumperbot_py_examples/lib/python3.10/site-packages/bumperbot_py_examples
[1.129s] copying /home/devam/bumperbot_ws/build/bumperbot_py_examples/build/lib/bumperbot_py_examples/twist_subscriber.py -> /home/devam/bumperbot_ws/install/bumperbot_py_examples/lib/python3.10/site-packages/bumperbot_py_examples
[1.129s] copying /home/devam/bumperbot_ws/build/bumperbot_py_examples/build/lib/bumperbot_py_examples/__init__.py -> /home/devam/bumperbot_ws/install/bumperbot_py_examples/lib/python3.10/site-packages/bumperbot_py_examples
[1.129s] copying /home/devam/bumperbot_ws/build/bumperbot_py_examples/build/lib/bumperbot_py_examples/simple_subscriber.py -> /home/devam/bumperbot_ws/install/bumperbot_py_examples/lib/python3.10/site-packages/bumperbot_py_examples
[1.129s] copying /home/devam/bumperbot_ws/build/bumperbot_py_examples/build/lib/bumperbot_py_examples/simple_publisher.py -> /home/devam/bumperbot_ws/install/bumperbot_py_examples/lib/python3.10/site-packages/bumperbot_py_examples
[1.129s] byte-compiling /home/devam/bumperbot_ws/install/bumperbot_py_examples/lib/python3.10/site-packages/bumperbot_py_examples/twist_subscriber.py to twist_subscriber.cpython-310.pyc
[1.130s] byte-compiling /home/devam/bumperbot_ws/install/bumperbot_py_examples/lib/python3.10/site-packages/bumperbot_py_examples/__init__.py to __init__.cpython-310.pyc
[1.130s] byte-compiling /home/devam/bumperbot_ws/install/bumperbot_py_examples/lib/python3.10/site-packages/bumperbot_py_examples/simple_subscriber.py to simple_subscriber.cpython-310.pyc
[1.130s] byte-compiling /home/devam/bumperbot_ws/install/bumperbot_py_examples/lib/python3.10/site-packages/bumperbot_py_examples/simple_publisher.py to simple_publisher.cpython-310.pyc
[1.130s] running install_data
[1.130s] copying resource/bumperbot_py_examples -> /home/devam/bumperbot_ws/install/bumperbot_py_examples/share/ament_index/resource_index/packages
[1.130s] copying package.xml -> /home/devam/bumperbot_ws/install/bumperbot_py_examples/share/bumperbot_py_examples
[1.130s] running install_egg_info
[1.138s] Copying ../../build/bumperbot_py_examples/bumperbot_py_examples.egg-info to /home/devam/bumperbot_ws/install/bumperbot_py_examples/lib/python3.10/site-packages/bumperbot_py_examples-0.0.0-py3.10.egg-info
[1.138s] running install_scripts
[1.168s] Installing simple_publisher script to /home/devam/bumperbot_ws/install/bumperbot_py_examples/lib/bumperbot_py_examples
[1.168s] Installing simple_subscriber script to /home/devam/bumperbot_ws/install/bumperbot_py_examples/lib/bumperbot_py_examples
[1.168s] Installing twist_subscriber script to /home/devam/bumperbot_ws/install/bumperbot_py_examples/lib/bumperbot_py_examples
[1.168s] writing list of installed files to '/home/devam/bumperbot_ws/build/bumperbot_py_examples/install.log'
[1.188s] Invoked command in '/home/devam/bumperbot_ws/src/bumperbot_py_examples' returned '0': PYTHONPATH=/home/devam/bumperbot_ws/build/bumperbot_py_examples/prefix_override:/usr/lib/python3/dist-packages/colcon_core/task/python/colcon_distutils_commands:/home/devam/bumperbot_ws/install/bumperbot_py_examples/lib/python3.10/site-packages:${PYTHONPATH} /usr/bin/python3 -W ignore:setup.py install is deprecated -W ignore:easy_install command is deprecated setup.py egg_info --egg-base ../../build/bumperbot_py_examples build --build-base /home/devam/bumperbot_ws/build/bumperbot_py_examples/build install --record /home/devam/bumperbot_ws/build/bumperbot_py_examples/install.log --single-version-externally-managed install_data --force
