[0.814s] Invoking command in '/home/devam/bumperbot_ws/src/bumperbot_py_examples': PYTHONPATH=/home/devam/bumperbot_ws/build/bumperbot_py_examples/prefix_override:/usr/lib/python3/dist-packages/colcon_core/task/python/colcon_distutils_commands:/home/devam/bumperbot_ws/install/bumperbot_py_examples/lib/python3.10/site-packages:${PYTHONPATH} /usr/bin/python3 -W ignore:setup.py install is deprecated -W ignore:easy_install command is deprecated setup.py egg_info --egg-base ../../build/bumperbot_py_examples build --build-base /home/devam/bumperbot_ws/build/bumperbot_py_examples/build install --record /home/devam/bumperbot_ws/build/bumperbot_py_examples/install.log --single-version-externally-managed install_data
[1.093s] running egg_info
[1.105s] writing ../../build/bumperbot_py_examples/bumperbot_py_examples.egg-info/PKG-INFO
[1.105s] writing dependency_links to ../../build/bumperbot_py_examples/bumperbot_py_examples.egg-info/dependency_links.txt
[1.105s] writing entry points to ../../build/bumperbot_py_examples/bumperbot_py_examples.egg-info/entry_points.txt
[1.105s] writing requirements to ../../build/bumperbot_py_examples/bumperbot_py_examples.egg-info/requires.txt
[1.105s] writing top-level names to ../../build/bumperbot_py_examples/bumperbot_py_examples.egg-info/top_level.txt
[1.131s] reading manifest file '../../build/bumperbot_py_examples/bumperbot_py_examples.egg-info/SOURCES.txt'
[1.131s] writing manifest file '../../build/bumperbot_py_examples/bumperbot_py_examples.egg-info/SOURCES.txt'
[1.131s] running build
[1.132s] running build_py
[1.132s] running install
[1.135s] running install_lib
[1.145s] running install_data
[1.145s] running install_egg_info
[1.155s] removing '/home/devam/bumperbot_ws/install/bumperbot_py_examples/lib/python3.10/site-packages/bumperbot_py_examples-0.0.0-py3.10.egg-info' (and everything under it)
[1.155s] Copying ../../build/bumperbot_py_examples/bumperbot_py_examples.egg-info to /home/devam/bumperbot_ws/install/bumperbot_py_examples/lib/python3.10/site-packages/bumperbot_py_examples-0.0.0-py3.10.egg-info
[1.155s] running install_scripts
[1.196s] Installing simple_publisher script to /home/devam/bumperbot_ws/install/bumperbot_py_examples/lib/bumperbot_py_examples
[1.197s] Installing simple_subscriber script to /home/devam/bumperbot_ws/install/bumperbot_py_examples/lib/bumperbot_py_examples
[1.197s] Installing simple_tf_kinematics script to /home/devam/bumperbot_ws/install/bumperbot_py_examples/lib/bumperbot_py_examples
[1.197s] Installing turtlesim_reference_pose_measurement script to /home/devam/bumperbot_ws/install/bumperbot_py_examples/lib/bumperbot_py_examples
[1.197s] Installing twist_subscriber script to /home/devam/bumperbot_ws/install/bumperbot_py_examples/lib/bumperbot_py_examples
[1.197s] writing list of installed files to '/home/devam/bumperbot_ws/build/bumperbot_py_examples/install.log'
[1.221s] Invoked command in '/home/devam/bumperbot_ws/src/bumperbot_py_examples' returned '0': PYTHONPATH=/home/devam/bumperbot_ws/build/bumperbot_py_examples/prefix_override:/usr/lib/python3/dist-packages/colcon_core/task/python/colcon_distutils_commands:/home/devam/bumperbot_ws/install/bumperbot_py_examples/lib/python3.10/site-packages:${PYTHONPATH} /usr/bin/python3 -W ignore:setup.py install is deprecated -W ignore:easy_install command is deprecated setup.py egg_info --egg-base ../../build/bumperbot_py_examples build --build-base /home/devam/bumperbot_ws/build/bumperbot_py_examples/build install --record /home/devam/bumperbot_ws/build/bumperbot_py_examples/install.log --single-version-externally-managed install_data
