[0.015s] Invoking command in '/home/devam/bumperbot_ws/build/bumperbot_controller': CMAKE_PREFIX_PATH=${CMAKE_PREFIX_PATH}:/home/devam/bumperbot_ws/install/bumperbot_py_examples:/opt/ros/humble /usr/bin/cmake --build /home/devam/bumperbot_ws/build/bumperbot_controller -- -j24 -l24
[0.050s] -- Found ament_cmake: 1.3.11 (/opt/ros/humble/share/ament_cmake/cmake)
[0.138s] -- Found rclpy: 3.3.15 (/opt/ros/humble/share/rclpy/cmake)
[0.138s] -- Found std_msgs: 4.2.4 (/opt/ros/humble/share/std_msgs/cmake)
[0.158s] -- Found rosidl_generator_c: 3.1.6 (/opt/ros/humble/share/rosidl_generator_c/cmake)
[0.160s] -- Found rosidl_adapter: 3.1.6 (/opt/ros/humble/share/rosidl_adapter/cmake)
[0.165s] -- Found rosidl_generator_cpp: 3.1.6 (/opt/ros/humble/share/rosidl_generator_cpp/cmake)
[0.172s] -- Using all available rosidl_typesupport_c: rosidl_typesupport_fastrtps_c;rosidl_typesupport_introspection_c
[0.181s] -- Using all available rosidl_typesupport_cpp: rosidl_typesupport_fastrtps_cpp;rosidl_typesupport_introspection_cpp
[0.196s] -- Found geometry_msgs: 4.2.4 (/opt/ros/humble/share/geometry_msgs/cmake)
[0.205s] -- Found rclcpp: 16.0.11 (/opt/ros/humble/share/rclcpp/cmake)
[0.227s] -- Found rmw_implementation_cmake: 6.1.2 (/opt/ros/humble/share/rmw_implementation_cmake/cmake)
[0.228s] -- Found rmw_fastrtps_cpp: 6.2.7 (/opt/ros/humble/share/rmw_fastrtps_cpp/cmake)
[0.304s] -- Using RMW implementation 'rmw_fastrtps_cpp' as default
[0.334s] -- Found sensor_msgs: 4.2.4 (/opt/ros/humble/share/sensor_msgs/cmake)
[0.345s] -- Found nav_msgs: 4.2.4 (/opt/ros/humble/share/nav_msgs/cmake)
[0.357s] -- Found tf2: 0.25.9 (/opt/ros/humble/share/tf2/cmake)
[0.360s] -- Found tf2_ros: 0.25.9 (/opt/ros/humble/share/tf2_ros/cmake)
[0.452s] -- Found ament_lint_auto: 0.12.11 (/opt/ros/humble/share/ament_lint_auto/cmake)
[0.497s] -- Added test 'cppcheck' to perform static code analysis on C / C++ code
[0.497s] -- Configured cppcheck include dirs: /home/devam/bumperbot_ws/src/bumperbot_controller/include
[0.497s] -- Configured cppcheck exclude dirs and/or files: 
[0.497s] -- Added test 'flake8' to check Python code syntax and style conventions
[0.497s] -- Added test 'lint_cmake' to check CMake code style
[0.498s] -- Added test 'pep257' to check Python code against some of the docstring style conventions in PEP 257
[0.498s] -- Added test 'uncrustify' to check C / C++ code style
[0.498s] -- Configured uncrustify additional arguments: 
[0.498s] -- Added test 'xmllint' to check XML markup files
[0.499s] -- Configuring done
[0.508s] -- Generating done
[0.510s] -- Build files have been written to: /home/devam/bumperbot_ws/build/bumperbot_controller
[0.530s] [35m[1mConsolidate compiler generated dependencies of target simple_controller[0m
[0.544s] [ 50%] [32mBuilding CXX object CMakeFiles/simple_controller.dir/src/simple_controller.cpp.o[0m
[0.544s] [ 50%] Built target ament_cmake_python_copy_bumperbot_controller
[0.730s] running egg_info
[0.738s] writing bumperbot_controller.egg-info/PKG-INFO
[0.738s] writing dependency_links to bumperbot_controller.egg-info/dependency_links.txt
[0.738s] writing top-level names to bumperbot_controller.egg-info/top_level.txt
[0.765s] reading manifest file 'bumperbot_controller.egg-info/SOURCES.txt'
[0.766s] writing manifest file 'bumperbot_controller.egg-info/SOURCES.txt'
[0.789s] [ 50%] Built target ament_cmake_python_build_bumperbot_controller_egg
[6.866s] [100%] [32m[1mLinking CXX executable simple_controller[0m
[7.236s] [100%] Built target simple_controller
[7.242s] Invoked command in '/home/devam/bumperbot_ws/build/bumperbot_controller' returned '0': CMAKE_PREFIX_PATH=${CMAKE_PREFIX_PATH}:/home/devam/bumperbot_ws/install/bumperbot_py_examples:/opt/ros/humble /usr/bin/cmake --build /home/devam/bumperbot_ws/build/bumperbot_controller -- -j24 -l24
[7.243s] Invoking command in '/home/devam/bumperbot_ws/build/bumperbot_controller': CMAKE_PREFIX_PATH=${CMAKE_PREFIX_PATH}:/home/devam/bumperbot_ws/install/bumperbot_py_examples:/opt/ros/humble /usr/bin/cmake --install /home/devam/bumperbot_ws/build/bumperbot_controller
[7.247s] -- Install configuration: ""
[7.247s] -- Up-to-date: /home/devam/bumperbot_ws/install/bumperbot_controller/share/bumperbot_controller/environment/pythonpath.sh
[7.248s] -- Installing: /home/devam/bumperbot_ws/install/bumperbot_controller/share/bumperbot_controller/environment/pythonpath.dsv
[7.248s] -- Up-to-date: /home/devam/bumperbot_ws/install/bumperbot_controller/local/lib/python3.10/dist-packages/bumperbot_controller-0.0.0-py3.10.egg-info
[7.248s] -- Installing: /home/devam/bumperbot_ws/install/bumperbot_controller/local/lib/python3.10/dist-packages/bumperbot_controller-0.0.0-py3.10.egg-info/top_level.txt
[7.248s] -- Installing: /home/devam/bumperbot_ws/install/bumperbot_controller/local/lib/python3.10/dist-packages/bumperbot_controller-0.0.0-py3.10.egg-info/PKG-INFO
[7.248s] -- Installing: /home/devam/bumperbot_ws/install/bumperbot_controller/local/lib/python3.10/dist-packages/bumperbot_controller-0.0.0-py3.10.egg-info/SOURCES.txt
[7.248s] -- Installing: /home/devam/bumperbot_ws/install/bumperbot_controller/local/lib/python3.10/dist-packages/bumperbot_controller-0.0.0-py3.10.egg-info/dependency_links.txt
[7.248s] -- Up-to-date: /home/devam/bumperbot_ws/install/bumperbot_controller/local/lib/python3.10/dist-packages/bumperbot_controller
[7.248s] -- Up-to-date: /home/devam/bumperbot_ws/install/bumperbot_controller/local/lib/python3.10/dist-packages/bumperbot_controller/simple_path.py
[7.248s] -- Installing: /home/devam/bumperbot_ws/install/bumperbot_controller/local/lib/python3.10/dist-packages/bumperbot_controller/noise_controller.py
[7.248s] -- Up-to-date: /home/devam/bumperbot_ws/install/bumperbot_controller/local/lib/python3.10/dist-packages/bumperbot_controller/__init__.py
[7.248s] -- Up-to-date: /home/devam/bumperbot_ws/install/bumperbot_controller/local/lib/python3.10/dist-packages/bumperbot_controller/simple_controller.py
[7.265s] Listing '/home/devam/bumperbot_ws/install/bumperbot_controller/local/lib/python3.10/dist-packages/bumperbot_controller'...
[7.265s] Compiling '/home/devam/bumperbot_ws/install/bumperbot_controller/local/lib/python3.10/dist-packages/bumperbot_controller/noise_controller.py'...
[7.268s] -- Up-to-date: /home/devam/bumperbot_ws/install/bumperbot_controller/include/include
[7.268s] -- Up-to-date: /home/devam/bumperbot_ws/install/bumperbot_controller/include/include/bumperbot_controller
[7.268s] -- Up-to-date: /home/devam/bumperbot_ws/install/bumperbot_controller/include/include/bumperbot_controller/simple_controller.hpp
[7.268s] -- Installing: /home/devam/bumperbot_ws/install/bumperbot_controller/lib/bumperbot_controller/simple_controller
[7.271s] [31mCMake Error at cmake_install.cmake:101 (file):
[7.271s]   file INSTALL cannot find
[7.271s]   "/home/devam/bumperbot_ws/src/bumperbot_controller/bumperbot_controller/noisy_controller.py":
[7.271s]   No such file or directory.
[7.271s] 
[7.271s] [0m
[7.271s] -- Set runtime path of "/home/devam/bumperbot_ws/install/bumperbot_controller/lib/bumperbot_controller/simple_controller" to ""
[7.271s] -- Up-to-date: /home/devam/bumperbot_ws/install/bumperbot_controller/share/bumperbot_controller/config
[7.271s] -- Up-to-date: /home/devam/bumperbot_ws/install/bumperbot_controller/share/bumperbot_controller/config/bumperbot_controllers.yaml
[7.271s] -- Up-to-date: /home/devam/bumperbot_ws/install/bumperbot_controller/share/bumperbot_controller/launch
[7.272s] -- Up-to-date: /home/devam/bumperbot_ws/install/bumperbot_controller/share/bumperbot_controller/launch/controller.launch.py
[7.272s] -- Up-to-date: /home/devam/bumperbot_ws/install/bumperbot_controller/lib/bumperbot_controller/simple_controller.py
[7.272s] Invoked command in '/home/devam/bumperbot_ws/build/bumperbot_controller' returned '1': CMAKE_PREFIX_PATH=${CMAKE_PREFIX_PATH}:/home/devam/bumperbot_ws/install/bumperbot_py_examples:/opt/ros/humble /usr/bin/cmake --install /home/devam/bumperbot_ws/build/bumperbot_controller
