[0.007s] Invoking command in '/home/devam/bumperbot_ws/build/bumperbot_cpp_examples': CMAKE_PREFIX_PATH=${CMAKE_PREFIX_PATH}:/home/devam/bumperbot_ws/install/bumperbot_py_examples:/opt/ros/humble /usr/bin/cmake --build /home/devam/bumperbot_ws/build/bumperbot_cpp_examples -- -j24 -l24
[0.037s] [35m[1mConsolidate compiler generated dependencies of target simple_subscriber_cpp[0m
[0.046s] [ 50%] Built target simple_publisher_cpp
[0.049s] [ 75%] [32mBuilding CXX object CMakeFiles/simple_subscriber_cpp.dir/src/simple_subscriber.cpp.o[0m
[3.753s] [100%] [32m[1mLinking CXX executable simple_subscriber_cpp[0m
[3.931s] [100%] Built target simple_subscriber_cpp
[3.940s] Invoked command in '/home/devam/bumperbot_ws/build/bumperbot_cpp_examples' returned '0': CMAKE_PREFIX_PATH=${CMAKE_PREFIX_PATH}:/home/devam/bumperbot_ws/install/bumperbot_py_examples:/opt/ros/humble /usr/bin/cmake --build /home/devam/bumperbot_ws/build/bumperbot_cpp_examples -- -j24 -l24
[3.945s] Invoking command in '/home/devam/bumperbot_ws/build/bumperbot_cpp_examples': CMAKE_PREFIX_PATH=${CMAKE_PREFIX_PATH}:/home/devam/bumperbot_ws/install/bumperbot_py_examples:/opt/ros/humble /usr/bin/cmake --install /home/devam/bumperbot_ws/build/bumperbot_cpp_examples
[3.951s] -- Install configuration: ""
[3.952s] -- Execute custom install script
[3.952s] -- Up-to-date symlink: /home/devam/bumperbot_ws/install/bumperbot_cpp_examples/lib/bumperbot_cpp_examples/simple_publisher_cpp
[3.952s] -- Up-to-date symlink: /home/devam/bumperbot_ws/install/bumperbot_cpp_examples/lib/bumperbot_cpp_examples/simple_subscriber_cpp
[3.952s] -- Up-to-date symlink: /home/devam/bumperbot_ws/install/bumperbot_cpp_examples/share/ament_index/resource_index/package_run_dependencies/bumperbot_cpp_examples
[3.952s] -- Up-to-date symlink: /home/devam/bumperbot_ws/install/bumperbot_cpp_examples/share/ament_index/resource_index/parent_prefix_path/bumperbot_cpp_examples
[3.952s] -- Up-to-date symlink: /home/devam/bumperbot_ws/install/bumperbot_cpp_examples/share/bumperbot_cpp_examples/environment/ament_prefix_path.sh
[3.952s] -- Up-to-date symlink: /home/devam/bumperbot_ws/install/bumperbot_cpp_examples/share/bumperbot_cpp_examples/environment/ament_prefix_path.dsv
[3.952s] -- Up-to-date symlink: /home/devam/bumperbot_ws/install/bumperbot_cpp_examples/share/bumperbot_cpp_examples/environment/path.sh
[3.952s] -- Up-to-date symlink: /home/devam/bumperbot_ws/install/bumperbot_cpp_examples/share/bumperbot_cpp_examples/environment/path.dsv
[3.952s] -- Up-to-date symlink: /home/devam/bumperbot_ws/install/bumperbot_cpp_examples/share/bumperbot_cpp_examples/local_setup.bash
[3.952s] -- Up-to-date symlink: /home/devam/bumperbot_ws/install/bumperbot_cpp_examples/share/bumperbot_cpp_examples/local_setup.sh
[3.952s] -- Up-to-date symlink: /home/devam/bumperbot_ws/install/bumperbot_cpp_examples/share/bumperbot_cpp_examples/local_setup.zsh
[3.952s] -- Up-to-date symlink: /home/devam/bumperbot_ws/install/bumperbot_cpp_examples/share/bumperbot_cpp_examples/local_setup.dsv
[3.952s] -- Symlinking: /home/devam/bumperbot_ws/install/bumperbot_cpp_examples/share/bumperbot_cpp_examples/package.dsv
[3.963s] -- Up-to-date symlink: /home/devam/bumperbot_ws/install/bumperbot_cpp_examples/share/ament_index/resource_index/packages/bumperbot_cpp_examples
[3.963s] -- Up-to-date symlink: /home/devam/bumperbot_ws/install/bumperbot_cpp_examples/share/bumperbot_cpp_examples/cmake/bumperbot_cpp_examplesConfig.cmake
[3.963s] -- Up-to-date symlink: /home/devam/bumperbot_ws/install/bumperbot_cpp_examples/share/bumperbot_cpp_examples/cmake/bumperbot_cpp_examplesConfig-version.cmake
[3.963s] -- Up-to-date symlink: /home/devam/bumperbot_ws/install/bumperbot_cpp_examples/share/bumperbot_cpp_examples/package.xml
[3.965s] Invoked command in '/home/devam/bumperbot_ws/build/bumperbot_cpp_examples' returned '0': CMAKE_PREFIX_PATH=${CMAKE_PREFIX_PATH}:/home/devam/bumperbot_ws/install/bumperbot_py_examples:/opt/ros/humble /usr/bin/cmake --install /home/devam/bumperbot_ws/build/bumperbot_cpp_examples
